#
# A fatal error has been detected by the Java Runtime Environment:
#
#  EXCEPTION_ACCESS_VIOLATION (0xc0000005) at pc=0x00007ffd5d303370, pid=17980, tid=16632
#
# JRE version: Java(TM) SE Runtime Environment (9.0+11) (build 9.0.4+11)
# Java VM: Java HotSpot(TM) 64-Bit Server VM (9.0.4+11, mixed mode, tiered, compressed oops, g1 gc, windows-amd64)
# Problematic frame:
# C  [librdi_wavedata.dll+0x453370]
#
# No core dump will be written. Minidumps are not enabled by default on client versions of Windows
#
# If you would like to submit a bug report, please visit:
#   http://bugreport.java.com/bugreport/crash.jsp
# The crash happened outside the Java Virtual Machine in native code.
# See problematic frame for where to report the bug.
#

---------------  S U M M A R Y ------------

Command Line: -Dsun.java2d.pmoffscreen=false -Dsun.java2d.xrender=false -Dsun.java2d.d3d=false -Dsun.awt.nopixfmt=true -Dsun.java2d.dpiaware=true -Dsun.java2d.uiScale.enabled=false -Xverify:none -Dswing.aatext=true -XX:-UsePerfData -Djdk.map.althashing.threshold=512 -XX:StringTableSize=4072 --add-opens=java.base/java.nio=ALL-UNNAMED --add-opens=java.desktop/sun.swing=ALL-UNNAMED --add-opens=java.desktop/javax.swing=ALL-UNNAMED --add-opens=java.desktop/javax.swing.tree=ALL-UNNAMED --add-opens=java.desktop/javax.swing.plaf.basic=ALL-UNNAMED --add-opens=java.desktop/javax.swing.plaf.synth=ALL-UNNAMED --add-opens=java.desktop/com.sun.awt=ALL-UNNAMED -XX:NewSize=60m -XX:MaxNewSize=60m -Xms128m -Xmx3072m -Xss5m 

Host: Intel(R) Core(TM) i5-8265U CPU @ 1.60GHz, 8 cores, 7G,  Windows 10 , 64 bit Build 19041 (10.0.19041.928)
Time: Tue Jun 01 19:10:33 2021 ?D1¨²¡À¨º¡Á?¨º¡À?? elapsed time: 34728 seconds (0d 9h 38m 48s)

---------------  T H R E A D  ---------------

Current thread (0x00000219754f6000):  JavaThread "AWT-EventQueue-1" [_thread_in_native, id=16632, stack(0x00000049cbb00000,0x00000049cc000000)]

Stack: [0x00000049cbb00000,0x00000049cc000000],  sp=0x00000049cbff4668,  free space=5073k
Native frames: (J=compiled Java code, j=interpreted, Vv=VM code, C=native code)
C  [librdi_wavedata.dll+0x453370]

Java frames: (J=compiled Java code, j=interpreted, Vv=VM code)
J 18076  ui.views.waveform.waveformi.WVExecutive_getGraphicsDataSize(J)J (0 bytes) @ 0x0000021967f08a21 [0x0000021967f089e0+0x0000000000000041]
J 27114 c2 ui.views.waveform.w.cRi()V (38 bytes) @ 0x00000219688a212c [0x00000219688a1480+0x0000000000000cac]
J 29090 c2 ui.views.waveform.c.b.j(Lui/frmwork/b/i;)V (603 bytes) @ 0x0000021968b47070 [0x0000021968b45400+0x0000000000001c70]
J 26820 c2 ui.views.waveform.w.a(Lui/frmwork/b/i;)V (17 bytes) @ 0x000002196881fde4 [0x000002196881fda0+0x0000000000000044]
J 28961 c2 ui.frmwork.HTclEventBroker.i(JZ)V (471 bytes) @ 0x0000021968b0f108 [0x0000021968b0d8c0+0x0000000000001848]
J 22734 c2 ui.frmwork.HTclEventBroker.fireTclEvent(J)I (113 bytes) @ 0x00000219679f22e4 [0x00000219679f1cc0+0x0000000000000624]
v  ~StubRoutines::call_stub
J 22062  ui.views.waveform.waveformi.WVExecutive_processModelEvent(JJ)V (0 bytes) @ 0x0000021968422924 [0x00000219684228e0+0x0000000000000044]
J 22070 c1 ui.views.waveform.c.b.eD(J)V (109 bytes) @ 0x00000219627275c4 [0x0000021962727480+0x0000000000000144]
J 29090 c2 ui.views.waveform.c.b.j(Lui/frmwork/b/i;)V (603 bytes) @ 0x0000021968b46bbc [0x0000021968b45400+0x00000000000017bc]
J 26820 c2 ui.views.waveform.w.a(Lui/frmwork/b/i;)V (17 bytes) @ 0x000002196881fde4 [0x000002196881fda0+0x0000000000000044]
J 28961 c2 ui.frmwork.HTclEventBroker.i(JZ)V (471 bytes) @ 0x0000021968b0f108 [0x0000021968b0d8c0+0x0000000000001848]
J 22734 c2 ui.frmwork.HTclEventBroker.fireTclEvent(J)I (113 bytes) @ 0x00000219679f22e4 [0x00000219679f1cc0+0x0000000000000624]
v  ~StubRoutines::call_stub
J 22062  ui.views.waveform.waveformi.WVExecutive_processModelEvent(JJ)V (0 bytes) @ 0x0000021968422924 [0x00000219684228e0+0x0000000000000044]
J 22070 c1 ui.views.waveform.c.b.eD(J)V (109 bytes) @ 0x00000219627275c4 [0x0000021962727480+0x0000000000000144]
j  ui.views.waveform.c.e.actionPerformed(Ljava/awt/event/ActionEvent;)V+8
J 17550 c2 javax.swing.Timer.fireActionPerformed(Ljava/awt/event/ActionEvent;)V java.desktop@9.0.4 (46 bytes) @ 0x0000021967e11058 [0x0000021967e10f40+0x0000000000000118]
J 17549 c2 javax.swing.Timer$DoPostEvent.run()V java.desktop@9.0.4 (82 bytes) @ 0x0000021967e107ec [0x0000021967e104e0+0x000000000000030c]
J 14982 c2 java.awt.EventQueue$3.run()Ljava/lang/Object; java.desktop@9.0.4 (5 bytes) @ 0x0000021967b5de24 [0x0000021967b5dd20+0x0000000000000104]
v  ~StubRoutines::call_stub
J 3807  java.security.AccessController.doPrivileged(Ljava/security/PrivilegedAction;Ljava/security/AccessControlContext;)Ljava/lang/Object; java.base@9.0.4 (0 bytes) @ 0x00000219670fab46 [0x00000219670faae0+0x0000000000000066]
J 15408 c2 java.awt.EventQueue.dispatchEvent(Ljava/awt/AWTEvent;)V java.desktop@9.0.4 (80 bytes) @ 0x00000219672aa818 [0x00000219672aa2c0+0x0000000000000558]
J 25435 c2 ui.frmwork.b.d.dispatchEvent(Ljava/awt/AWTEvent;)V (34 bytes) @ 0x0000021968638760 [0x0000021968638640+0x0000000000000120]
J 24916 c2 java.awt.EventDispatchThread.pumpOneEventForFilters(I)V java.desktop@9.0.4 (218 bytes) @ 0x000002196796db58 [0x000002196796d620+0x0000000000000538]
J 20893 c2 java.awt.EventDispatchThread.pumpEventsForFilter(ILjava/awt/Conditional;Ljava/awt/EventFilter;)V java.desktop@9.0.4 (47 bytes) @ 0x000002196758856c [0x0000021967588360+0x000000000000020c]
j  java.awt.EventDispatchThread.pumpEventsForFilter(Ljava/awt/Conditional;Ljava/awt/EventFilter;)V+4 java.desktop@9.0.4
j  java.awt.WaitDispatchSupport$2.run()V+59 java.desktop@9.0.4
j  java.awt.WaitDispatchSupport$4.run()Ljava/lang/Void;+4 java.desktop@9.0.4
j  java.awt.WaitDispatchSupport$4.run()Ljava/lang/Object;+1 java.desktop@9.0.4
v  ~StubRoutines::call_stub
J 1055  java.security.AccessController.doPrivileged(Ljava/security/PrivilegedAction;)Ljava/lang/Object; java.base@9.0.4 (0 bytes) @ 0x0000021966f3cf32 [0x0000021966f3cee0+0x0000000000000052]
j  java.awt.WaitDispatchSupport.enter()Z+260 java.desktop@9.0.4
j  java.awt.Dialog.show()V+225 java.desktop@9.0.4
J 28429 c1 java.awt.Dialog.setVisible(Z)V java.desktop@9.0.4 (6 bytes) @ 0x00000219616b9a84 [0x00000219616b9820+0x0000000000000264]
j  ui.b.c.g.setVisible(Z)V+2
j  ui.b.c.by.showDialog()V+64
j  ui.b.c.bF.actionPerformed(Ljava/awt/event/ActionEvent;)V+8
j  ui.b.c.by.cJI()V+396
j  ui.views.c.t.b.a.run()V+60
j  ui.frmwork.a.dWF()Z+66
j  ui.frmwork.V.dYl()V+42
j  ui.bk.actionPerformed(Ljava/awt/event/ActionEvent;)V+25
j  javax.swing.AbstractButton.fireActionPerformed(Ljava/awt/event/ActionEvent;)V+84 java.desktop@9.0.4
j  ui.utils.o.b.B.fireActionPerformed(Ljava/awt/event/ActionEvent;)V+7
j  javax.swing.AbstractButton$Handler.actionPerformed(Ljava/awt/event/ActionEvent;)V+5 java.desktop@9.0.4
J 29155 c1 javax.swing.DefaultButtonModel.fireActionPerformed(Ljava/awt/event/ActionEvent;)V java.desktop@9.0.4 (46 bytes) @ 0x0000021961357014 [0x0000021961356d60+0x00000000000002b4]
J 25302 c1 javax.swing.DefaultButtonModel.setPressed(Z)V java.desktop@9.0.4 (125 bytes) @ 0x0000021960d31ec4 [0x0000021960d31000+0x0000000000000ec4]
j  javax.swing.plaf.basic.BasicButtonListener.mouseReleased(Ljava/awt/event/MouseEvent;)V+35 java.desktop@9.0.4
j  com.jidesoft.plaf.basic.BasicJideButtonListener.mouseReleased(Ljava/awt/event/MouseEvent;)V+61
J 20083 c1 java.awt.AWTEventMulticaster.mouseReleased(Ljava/awt/event/MouseEvent;)V java.desktop@9.0.4 (27 bytes) @ 0x000002196079f08c [0x000002196079ee80+0x000000000000020c]
J 20083 c1 java.awt.AWTEventMulticaster.mouseReleased(Ljava/awt/event/MouseEvent;)V java.desktop@9.0.4 (27 bytes) @ 0x000002196079f08c [0x000002196079ee80+0x000000000000020c]
J 20083 c1 java.awt.AWTEventMulticaster.mouseReleased(Ljava/awt/event/MouseEvent;)V java.desktop@9.0.4 (27 bytes) @ 0x000002196079f08c [0x000002196079ee80+0x000000000000020c]
J 25415 c2 java.awt.Component.processMouseEvent(Ljava/awt/event/MouseEvent;)V java.desktop@9.0.4 (100 bytes) @ 0x00000219673c9dd8 [0x00000219673c9d00+0x00000000000000d8]
J 26817 c1 javax.swing.JComponent.processMouseEvent(Ljava/awt/event/MouseEvent;)V java.desktop@9.0.4 (27 bytes) @ 0x000002196059a6ec [0x000002196059a4e0+0x000000000000020c]
J 23164 c2 java.awt.Container.processEvent(Ljava/awt/AWTEvent;)V java.desktop@9.0.4 (22 bytes) @ 0x0000021967d28558 [0x0000021967d28440+0x0000000000000118]
J 24626 c2 java.awt.Component.dispatchEventImpl(Ljava/awt/AWTEvent;)V java.desktop@9.0.4 (739 bytes) @ 0x00000219673f2be0 [0x00000219673f2180+0x0000000000000a60]
J 25306 c2 java.awt.Container.dispatchEventImpl(Ljava/awt/AWTEvent;)V java.desktop@9.0.4 (129 bytes) @ 0x000002196800b680 [0x000002196800b5a0+0x00000000000000e0]
J 15606 c2 java.awt.LightweightDispatcher.retargetMouseEvent(Ljava/awt/Component;ILjava/awt/event/MouseEvent;)V java.desktop@9.0.4 (350 bytes) @ 0x00000219674c0a90 [0x00000219674c04a0+0x00000000000005f0]
J 20015 c2 java.awt.LightweightDispatcher.processMouseEvent(Ljava/awt/event/MouseEvent;)Z java.desktop@9.0.4 (265 bytes) @ 0x000002196736ea80 [0x000002196736e4e0+0x00000000000005a0]
J 25306 c2 java.awt.Container.dispatchEventImpl(Ljava/awt/AWTEvent;)V java.desktop@9.0.4 (129 bytes) @ 0x000002196800b8c0 [0x000002196800b5a0+0x0000000000000320]
J 18165 c2 java.awt.Window.dispatchEventImpl(Ljava/awt/AWTEvent;)V java.desktop@9.0.4 (23 bytes) @ 0x0000021967f51c8c [0x0000021967f51c40+0x000000000000004c]
J 14982 c2 java.awt.EventQueue$3.run()Ljava/lang/Object; java.desktop@9.0.4 (5 bytes) @ 0x0000021967b5dec8 [0x0000021967b5dd20+0x00000000000001a8]
v  ~StubRoutines::call_stub
J 3807  java.security.AccessController.doPrivileged(Ljava/security/PrivilegedAction;Ljava/security/AccessControlContext;)Ljava/lang/Object; java.base@9.0.4 (0 bytes) @ 0x00000219670fab46 [0x00000219670faae0+0x0000000000000066]
J 17671 c2 java.awt.EventQueue$4.run()Ljava/lang/Object; java.desktop@9.0.4 (5 bytes) @ 0x0000021967597140 [0x0000021967596ee0+0x0000000000000260]
v  ~StubRoutines::call_stub
J 3807  java.security.AccessController.doPrivileged(Ljava/security/PrivilegedAction;Ljava/security/AccessControlContext;)Ljava/lang/Object; java.base@9.0.4 (0 bytes) @ 0x00000219670fab46 [0x00000219670faae0+0x0000000000000066]
J 15408 c2 java.awt.EventQueue.dispatchEvent(Ljava/awt/AWTEvent;)V java.desktop@9.0.4 (80 bytes) @ 0x00000219672aa640 [0x00000219672aa2c0+0x0000000000000380]
J 25435 c2 ui.frmwork.b.d.dispatchEvent(Ljava/awt/AWTEvent;)V (34 bytes) @ 0x0000021968638760 [0x0000021968638640+0x0000000000000120]
J 24916 c2 java.awt.EventDispatchThread.pumpOneEventForFilters(I)V java.desktop@9.0.4 (218 bytes) @ 0x000002196796db58 [0x000002196796d620+0x0000000000000538]
J 20424% c2 java.awt.EventDispatchThread.pumpEventsForFilter(ILjava/awt/Conditional;Ljava/awt/EventFilter;)V java.desktop@9.0.4 (47 bytes) @ 0x000002196823cac0 [0x000002196823c9c0+0x0000000000000100]
j  java.awt.EventDispatchThread.pumpEventsForHierarchy(ILjava/awt/Conditional;Ljava/awt/Component;)V+11 java.desktop@9.0.4
j  java.awt.EventDispatchThread.pumpEvents(ILjava/awt/Conditional;)V+4 java.desktop@9.0.4
j  java.awt.EventDispatchThread.pumpEvents(Ljava/awt/Conditional;)V+3 java.desktop@9.0.4
j  java.awt.EventDispatchThread.run()V+9 java.desktop@9.0.4
v  ~StubRoutines::call_stub

siginfo: EXCEPTION_ACCESS_VIOLATION (0xc0000005), data execution prevention violation at address 0x00007ffd5d303370


Register to memory mapping:

RIP=0x00007ffd5d303370 librdi_wavedata.dll
RAX=0x00007ffd5d2a85e0 librdi_wavedata.dll
RBX=0x00000049cbff47d0 is pointing into the stack for thread: 0x00000219754f6000
RCX=0x00000219098effe0 is an unknown value
RDX=0x00000219094784e0 is an unknown value
RSP=0x00000049cbff4668 is pointing into the stack for thread: 0x00000219754f6000
RBP=0x00000049cbff4790 is pointing into the stack for thread: 0x00000219754f6000
RSI=0x00000219094784e0 is an unknown value
RDI=0x00000219098effe0 is an unknown value
R8 =0x00000049cbff4790 is pointing into the stack for thread: 0x00000219754f6000
R9 =0x00000049cbff47d0 is pointing into the stack for thread: 0x00000219754f6000
R10=0x00000219094784f0 is an unknown value
R11=0x0000021951089190 is an unknown value
R12=0x0000000000000000 is an unknown value
R13=0x0000000000000000 is an unknown value
R14=0x00000219094784e0 is an unknown value
R15=0x0000000000000001 is an unknown value


Registers:
RAX=0x00007ffd5d2a85e0, RBX=0x00000049cbff47d0, RCX=0x00000219098effe0, RDX=0x00000219094784e0
RSP=0x00000049cbff4668, RBP=0x00000049cbff4790, RSI=0x00000219094784e0, RDI=0x00000219098effe0
R8 =0x00000049cbff4790, R9 =0x00000049cbff47d0, R10=0x00000219094784f0, R11=0x0000021951089190
R12=0x0000000000000000, R13=0x0000000000000000, R14=0x00000219094784e0, R15=0x0000000000000001
RIP=0x00007ffd5d303370, EFLAGS=0x0000000000010202

Top of Stack: (sp=0x00000049cbff4668)
0x00000049cbff4668:   00007ffd5cfdeedc 0000000000000000
0x00000049cbff4678:   0000021949988b80 0000000000000030
0x00000049cbff4688:   0000021949980000 00000219499802a4
0x00000049cbff4698:   00000049cbff47d0 00000049cbff4790
0x00000049cbff46a8:   00000219094784e0 fffffffffffffffe
0x00000049cbff46b8:   0000000000000000 0000000000000000
0x00000049cbff46c8:   0000000000000010 0000000000000008
0x00000049cbff46d8:   0000000000000002 00000219499c0000
0x00000049cbff46e8:   00000049cbff47a9 0000000000000001
0x00000049cbff46f8:   00007ffdd6adb3c7 0000021949980000
0x00000049cbff4708:   0000021900000004 0000000000000008
0x00000049cbff4718:   00007ffd00000000 000093f335b89949
0x00000049cbff4728:   0000000000000000 00000002074bca80
0x00000049cbff4738:   00000049cbff48a8 000002197e3e4c80
0x00000049cbff4748:   00000049cbff47d9 00000049cbff4890
0x00000049cbff4758:   00007ffd5cfd5fc7 000000000000004f 

Instructions: (pc=0x00007ffd5d303370)
0x00007ffd5d303350:   00 00 00 00 ff ff ff ff 00 00 00 00 40 00 00 00
0x00007ffd5d303360:   20 33 45 00 00 00 00 00 00 00 00 00 00 00 00 00
0x00007ffd5d303370:   01 00 00 00 00 00 00 00 00 00 00 00 10 8a 58 00
0x00007ffd5d303380:   98 33 45 00 70 33 45 00 00 00 00 00 00 00 00 00 



---------------  P R O C E S S  ---------------

Java Threads: ( => current thread )
  0x000002197bdda000 JavaThread "Relaunch Simulation" [_thread_blocked, id=1516, stack(0x00000049d2200000,0x00000049d2700000)]
  0x000002197bdd8800 JavaThread "Monitor File Timestamp Swing Worker" [_thread_blocked, id=1444, stack(0x00000049d1d00000,0x00000049d2200000)]
  0x000002197bddb800 JavaThread "Timer-3" [_thread_blocked, id=20696, stack(0x00000049d1800000,0x00000049d1d00000)]
  0x000002197bdd3000 JavaThread "SyntheticaAnimation 50" daemon [_thread_blocked, id=21928, stack(0x00000049d1300000,0x00000049d1800000)]
  0x000002197bdd5800 JavaThread "Monitor File Timestamp Swing Worker" [_thread_blocked, id=27364, stack(0x00000049d0e00000,0x00000049d1300000)]
  0x000002197bdd9000 JavaThread "Timer-2" [_thread_blocked, id=26748, stack(0x00000049d0400000,0x00000049d0900000)]
  0x000002197bdd7800 JavaThread "Swing-Shell" daemon [_thread_blocked, id=25592, stack(0x00000049cff00000,0x00000049d0400000)]
  0x000002197bdd1000 JavaThread "Image Animator 0" daemon [_thread_blocked, id=10464, stack(0x00000049d0900000,0x00000049d0e00000)]
  0x0000021974e4b000 JavaThread "Monitor File Timestamp Swing Worker" [_thread_blocked, id=20564, stack(0x00000049cf000000,0x00000049cf500000)]
  0x0000021974e49800 JavaThread "Timer-0" [_thread_blocked, id=25088, stack(0x00000049cc000000,0x00000049cc500000)]
  0x0000021974e4c000 JavaThread "SyntheticaAnimation 50" daemon [_thread_blocked, id=3976, stack(0x00000049ceb00000,0x00000049cf000000)]
  0x0000021974e49000 JavaThread "Update Runs Swing Worker" [_thread_blocked, id=24180, stack(0x00000049cfa00000,0x00000049cff00000)]
  0x0000021976c0f800 JavaThread "hw_ila_monitor" [_thread_blocked, id=24372, stack(0x00000049ce600000,0x00000049ceb00000)]
  0x0000021976c0e800 JavaThread "Refresh Filesets Swing Worker" [_thread_blocked, id=20036, stack(0x00000049ce100000,0x00000049ce600000)]
  0x0000021976c10000 JavaThread "SyntheticaAnimation 70" daemon [_thread_blocked, id=3540, stack(0x00000049cdc00000,0x00000049ce100000)]
  0x0000021976c0c800 JavaThread "SyntheticaAnimation 25" daemon [_thread_blocked, id=12056, stack(0x00000049cd400000,0x00000049cd900000)]
  0x0000021976c0b800 JavaThread "SyntheticaAnimation 50" daemon [_thread_blocked, id=1504, stack(0x00000049ccf00000,0x00000049cd400000)]
  0x0000021976c0b000 JavaThread "Monitor HEventQueue" [_thread_blocked, id=24896, stack(0x00000049cca00000,0x00000049ccf00000)]
  0x0000021976c0a000 JavaThread "SyntheticaCleanerThread" daemon [_thread_blocked, id=27396, stack(0x00000049cc500000,0x00000049cca00000)]
  0x0000021976c0d000 JavaThread "Batik CleanerThread" daemon [_thread_blocked, id=16984, stack(0x00000049c9d00000,0x00000049ca200000)]
=>0x00000219754f6000 JavaThread "AWT-EventQueue-1" [_thread_in_native, id=16632, stack(0x00000049cbb00000,0x00000049cc000000)]
  0x00000219754f5800 JavaThread "AWT-Shutdown" [_thread_blocked, id=24772, stack(0x00000049cb600000,0x00000049cbb00000)]
  0x0000021974d87800 JavaThread "Process Messages" [_thread_blocked, id=10212, stack(0x00000049cb100000,0x00000049cb600000)]
  0x000002197508e000 JavaThread "Thread-1" [_thread_in_native, id=20240, stack(0x00000049c4400000,0x00000049c5800000)]
  0x0000021974f6a000 JavaThread "TimerQueue" daemon [_thread_blocked, id=14844, stack(0x00000049ca700000,0x00000049cac00000)]
  0x0000021974cb8800 JavaThread "AWT-Windows" daemon [_thread_in_native, id=12756, stack(0x00000049ca200000,0x00000049ca700000)]
  0x0000021974cb7000 JavaThread "Java2D Disposer" daemon [_thread_blocked, id=23656, stack(0x00000049c9800000,0x00000049c9d00000)]
  0x00000219511fa000 JavaThread "Service Thread" daemon [_thread_blocked, id=20332, stack(0x00000049c9200000,0x00000049c9700000)]
  0x0000021957bea800 JavaThread "Common-Cleaner" daemon [_thread_blocked, id=23808, stack(0x00000049c8d00000,0x00000049c9200000)]
  0x0000021957be8800 JavaThread "Sweeper thread" daemon [_thread_blocked, id=26840, stack(0x00000049c8800000,0x00000049c8d00000)]
  0x00000219582bf000 JavaThread "C1 CompilerThread3" daemon [_thread_blocked, id=10668, stack(0x00000049c8700000,0x00000049c8800000)]
  0x00000219582c6000 JavaThread "C2 CompilerThread2" daemon [_thread_blocked, id=17392, stack(0x00000049c8600000,0x00000049c8700000)]
  0x00000219582c1800 JavaThread "C2 CompilerThread1" daemon [_thread_blocked, id=1612, stack(0x00000049c8500000,0x00000049c8600000)]
  0x0000021957be8000 JavaThread "C2 CompilerThread0" daemon [_thread_blocked, id=17672, stack(0x00000049c8400000,0x00000049c8500000)]
  0x0000021957be7000 JavaThread "Attach Listener" daemon [_thread_blocked, id=24524, stack(0x00000049c7f00000,0x00000049c8400000)]
  0x0000021957be6800 JavaThread "Signal Dispatcher" daemon [_thread_blocked, id=1980, stack(0x00000049c7a00000,0x00000049c7f00000)]
  0x0000021950f09800 JavaThread "Finalizer" daemon [_thread_blocked, id=23720, stack(0x00000049c7500000,0x00000049c7a00000)]
  0x0000021957df6800 JavaThread "Reference Handler" daemon [_thread_blocked, id=12564, stack(0x00000049c7000000,0x00000049c7500000)]
  0x00000219581b3000 JavaThread "main" [_thread_blocked, id=22492, stack(0x00000049c4300000,0x00000049c4400000)]

Other Threads:
  0x0000021957df5800 VMThread "VM Thread" [stack: 0x00000049c6f00000,0x00000049c7000000] [id=18160]
  0x0000021957dff800 WatcherThread [stack: 0x00000049c9700000,0x00000049c9800000] [id=15924]
  0x000002194e58d800 GCTaskThread "GC Thread#0" [stack: 0x00000049c5b00000,0x00000049c5c00000] [id=9748]
  0x0000021950df6800 GCTaskThread "GC Thread#1" [stack: 0x00000049c5c00000,0x00000049c5d00000] [id=25860]
  0x0000021950df7000 GCTaskThread "GC Thread#2" [stack: 0x00000049c5d00000,0x00000049c5e00000] [id=18472]
  0x0000021950df9800 GCTaskThread "GC Thread#3" [stack: 0x00000049c5e00000,0x00000049c5f00000] [id=19516]
  0x0000021950df7800 GCTaskThread "GC Thread#4" [stack: 0x00000049c5f00000,0x00000049c6000000] [id=22948]
  0x0000021950df8000 GCTaskThread "GC Thread#5" [stack: 0x00000049c6000000,0x00000049c6100000] [id=25372]
  0x0000021950df9000 GCTaskThread "GC Thread#6" [stack: 0x00000049c6100000,0x00000049c6200000] [id=25228]
  0x0000021950dfc800 GCTaskThread "GC Thread#7" [stack: 0x00000049c6200000,0x00000049c6300000] [id=15680]
  0x000002195829a800 ConcurrentGCThread "G1 Main Marker" [stack: 0x00000049c6c00000,0x00000049c6d00000] [id=23016]
  0x0000021950dfb800 ConcurrentGCThread "G1 Marker#0" [stack: 0x00000049c6d00000,0x00000049c6e00000] [id=6636]
  0x0000021950dfc000 ConcurrentGCThread "G1 Marker#1" [stack: 0x00000049c6e00000,0x00000049c6f00000] [id=26436]
  0x00000219548ac800 ConcurrentGCThread "G1 Refine#0" [stack: 0x00000049c6a00000,0x00000049c6b00000] [id=26600]
  0x000002194e352800 ConcurrentGCThread "G1 Refine#1" [stack: 0x00000049c6900000,0x00000049c6a00000] [id=20656]
  0x000002194e352000 ConcurrentGCThread "G1 Refine#2" [stack: 0x00000049c6800000,0x00000049c6900000] [id=15268]
  0x000002194e351800 ConcurrentGCThread "G1 Refine#3" [stack: 0x00000049c6700000,0x00000049c6800000] [id=21088]
  0x00000219549ad000 ConcurrentGCThread "G1 Refine#4" [stack: 0x00000049c6600000,0x00000049c6700000] [id=27248]
  0x00000219581c8800 ConcurrentGCThread "G1 Refine#5" [stack: 0x00000049c6500000,0x00000049c6600000] [id=18256]
  0x00000219581c7800 ConcurrentGCThread "G1 Refine#6" [stack: 0x00000049c6400000,0x00000049c6500000] [id=5732]
  0x0000021954677800 ConcurrentGCThread "G1 Refine#7" [stack: 0x00000049c6300000,0x00000049c6400000] [id=18284]
  0x00000219582bd000 ConcurrentGCThread "G1 Young RemSet Sampling" [stack: 0x00000049c6b00000,0x00000049c6c00000] [id=3544]

Threads with active compile tasks:

VM state:not at safepoint (normal execution)

VM Mutex/Monitor currently owned by a thread: None

Heap address: 0x0000000700000000, size: 3072 MB, Compressed Oops mode: Zero based, Oop shift amount: 3
Narrow klass base: 0x0000000000000000, Narrow klass shift: 3
Compressed class space size: 1073741824 Address: 0x00000007c0000000

Heap:
 garbage-first heap   total 285696K, used 122747K [0x0000000700000000, 0x00000007001008b8, 0x00000007c0000000)
  region size 1024K, 13 young (13312K), 1 survivors (1024K)
 Metaspace       used 91548K, capacity 93873K, committed 100016K, reserved 1136640K
  class space    used 11732K, capacity 12197K, committed 13488K, reserved 1048576K
Heap Regions: E=young(eden), S=young(survivor), O=old, HS=humongous(starts), HC=humongous(continues), CS=collection set, F=free, A=archive, TS=gc time stamp, AC=allocation context, TAMS=top-at-mark-start (previous, next)
|   0|0x0000000700000000, 0x00000007000f18b0, 0x0000000700100000| 94%| O|  |TS  0|AC  0|TAMS 0x0000000700000000, 0x0000000700000000|
|   1|0x0000000700100000, 0x0000000700200000, 0x0000000700200000|100%|HS|  |TS  0|AC  0|TAMS 0x0000000700100000, 0x0000000700100000|
|   2|0x0000000700200000, 0x0000000700300000, 0x0000000700300000|100%|HC|  |TS  0|AC  0|TAMS 0x0000000700200000, 0x0000000700200000|
|   3|0x0000000700300000, 0x0000000700400000, 0x0000000700400000|100%|HS|  |TS  0|AC  0|TAMS 0x0000000700300000, 0x0000000700300000|
|   4|0x0000000700400000, 0x00000007004fe868, 0x0000000700500000| 99%| O|  |TS  0|AC  0|TAMS 0x0000000700400000, 0x0000000700400000|
|   5|0x0000000700500000, 0x0000000700600000, 0x0000000700600000|100%| O|  |TS  0|AC  0|TAMS 0x0000000700500000, 0x0000000700500000|
|   6|0x0000000700600000, 0x00000007006ffff0, 0x0000000700700000| 99%| O|  |TS  0|AC  0|TAMS 0x0000000700600000, 0x0000000700600000|
|   7|0x0000000700700000, 0x00000007007fffd0, 0x0000000700800000| 99%| O|  |TS  0|AC  0|TAMS 0x0000000700700000, 0x0000000700700000|
|   8|0x0000000700800000, 0x00000007008ffff8, 0x0000000700900000| 99%| O|  |TS  0|AC  0|TAMS 0x0000000700800000, 0x0000000700800000|
|   9|0x0000000700900000, 0x00000007009f7b28, 0x0000000700a00000| 96%| O|  |TS  0|AC  0|TAMS 0x0000000700900000, 0x0000000700900000|
|  10|0x0000000700a00000, 0x0000000700ada6b8, 0x0000000700b00000| 85%| O|  |TS  0|AC  0|TAMS 0x0000000700a00000, 0x0000000700a00000|
|  11|0x0000000700b00000, 0x0000000700bf7e90, 0x0000000700c00000| 96%| O|  |TS  0|AC  0|TAMS 0x0000000700b00000, 0x0000000700b00000|
|  12|0x0000000700c00000, 0x0000000700cfab00, 0x0000000700d00000| 97%| O|  |TS  0|AC  0|TAMS 0x0000000700c00000, 0x0000000700c00000|
|  13|0x0000000700d00000, 0x0000000700dfdc28, 0x0000000700e00000| 99%| O|  |TS  0|AC  0|TAMS 0x0000000700d00000, 0x0000000700d00000|
|  14|0x0000000700e00000, 0x0000000700ef4ce0, 0x0000000700f00000| 95%| O|  |TS  0|AC  0|TAMS 0x0000000700e00000, 0x0000000700e00000|
|  15|0x0000000700f00000, 0x0000000700ffffc0, 0x0000000701000000| 99%| O|  |TS  0|AC  0|TAMS 0x0000000700f00000, 0x0000000700f00000|
|  16|0x0000000701000000, 0x00000007010fffe8, 0x0000000701100000| 99%| O|  |TS  0|AC  0|TAMS 0x0000000701000000, 0x0000000701000000|
|  17|0x0000000701100000, 0x00000007011ff148, 0x0000000701200000| 99%| O|  |TS  0|AC  0|TAMS 0x0000000701100000, 0x0000000701100000|
|  18|0x0000000701200000, 0x00000007012ffff8, 0x0000000701300000| 99%| O|  |TS  0|AC  0|TAMS 0x0000000701200000, 0x0000000701200000|
|  19|0x0000000701300000, 0x0000000701400000, 0x0000000701400000|100%| O|  |TS  0|AC  0|TAMS 0x0000000701300000, 0x0000000701300000|
|  20|0x0000000701400000, 0x0000000701500000, 0x0000000701500000|100%|HS|  |TS  0|AC  0|TAMS 0x0000000701400000, 0x0000000701400000|
|  21|0x0000000701500000, 0x0000000701600000, 0x0000000701600000|100%|HC|  |TS  0|AC  0|TAMS 0x0000000701500000, 0x0000000701500000|
|  22|0x0000000701600000, 0x00000007016fffd8, 0x0000000701700000| 99%| O|  |TS  0|AC  0|TAMS 0x0000000701600000, 0x0000000701600000|
|  23|0x0000000701700000, 0x00000007017ff410, 0x0000000701800000| 99%| O|  |TS  0|AC  0|TAMS 0x0000000701700000, 0x0000000701700000|
|  24|0x0000000701800000, 0x00000007018fffe8, 0x0000000701900000| 99%| O|  |TS  0|AC  0|TAMS 0x0000000701800000, 0x0000000701800000|
|  25|0x0000000701900000, 0x00000007019fff90, 0x0000000701a00000| 99%| O|  |TS  0|AC  0|TAMS 0x0000000701900000, 0x0000000701900000|
|  26|0x0000000701a00000, 0x0000000701affff8, 0x0000000701b00000| 99%| O|  |TS  0|AC  0|TAMS 0x0000000701a00000, 0x0000000701a00000|
|  27|0x0000000701b00000, 0x0000000701bfff68, 0x0000000701c00000| 99%| O|  |TS  0|AC  0|TAMS 0x0000000701b00000, 0x0000000701b00000|
|  28|0x0000000701c00000, 0x0000000701cffff8, 0x0000000701d00000| 99%| O|  |TS  0|AC  0|TAMS 0x0000000701c00000, 0x0000000701c00000|
|  29|0x0000000701d00000, 0x0000000701dfffc0, 0x0000000701e00000| 99%| O|  |TS  0|AC  0|TAMS 0x0000000701d00000, 0x0000000701d00000|
|  30|0x0000000701e00000, 0x0000000701effff8, 0x0000000701f00000| 99%| O|  |TS  0|AC  0|TAMS 0x0000000701e00000, 0x0000000701e00000|
|  31|0x0000000701f00000, 0x0000000701fffff0, 0x0000000702000000| 99%| O|  |TS  0|AC  0|TAMS 0x0000000701f00000, 0x0000000701f00000|
|  32|0x0000000702000000, 0x00000007020ffff8, 0x0000000702100000| 99%| O|  |TS  0|AC  0|TAMS 0x0000000702000000, 0x0000000702000000|
|  33|0x0000000702100000, 0x00000007021fbe78, 0x0000000702200000| 98%| O|  |TS  0|AC  0|TAMS 0x0000000702100000, 0x0000000702100000|
|  34|0x0000000702200000, 0x00000007022ffff8, 0x0000000702300000| 99%| O|  |TS  0|AC  0|TAMS 0x0000000702200000, 0x0000000702200000|
|  35|0x0000000702300000, 0x0000000702400000, 0x0000000702400000|100%| O|  |TS  0|AC  0|TAMS 0x0000000702300000, 0x0000000702300000|
|  36|0x0000000702400000, 0x00000007024fffe8, 0x0000000702500000| 99%| O|  |TS  0|AC  0|TAMS 0x0000000702400000, 0x0000000702400000|
|  37|0x0000000702500000, 0x00000007025fffe8, 0x0000000702600000| 99%| O|  |TS  0|AC  0|TAMS 0x0000000702500000, 0x0000000702500000|
|  38|0x0000000702600000, 0x00000007026ffff0, 0x0000000702700000| 99%| O|  |TS  0|AC  0|TAMS 0x0000000702600000, 0x0000000702600000|
|  39|0x0000000702700000, 0x00000007027f3c88, 0x0000000702800000| 95%| O|  |TS  0|AC  0|TAMS 0x0000000702700000, 0x0000000702700000|
|  40|0x0000000702800000, 0x00000007028fffb0, 0x0000000702900000| 99%| O|  |TS  0|AC  0|TAMS 0x0000000702800000, 0x0000000702800000|
|  41|0x0000000702900000, 0x0000000702a00000, 0x0000000702a00000|100%| O|  |TS  0|AC  0|TAMS 0x0000000702900000, 0x0000000702900000|
|  42|0x0000000702a00000, 0x0000000702b00000, 0x0000000702b00000|100%| O|  |TS  0|AC  0|TAMS 0x0000000702a00000, 0x0000000702a00000|
|  43|0x0000000702b00000, 0x0000000702bfec60, 0x0000000702c00000| 99%| O|  |TS  0|AC  0|TAMS 0x0000000702b00000, 0x0000000702b00000|
|  44|0x0000000702c00000, 0x0000000702cffff8, 0x0000000702d00000| 99%| O|  |TS  0|AC  0|TAMS 0x0000000702c00000, 0x0000000702c00000|
|  45|0x0000000702d00000, 0x0000000702dffd10, 0x0000000702e00000| 99%| O|  |TS  0|AC  0|TAMS 0x0000000702d00000, 0x0000000702d00000|
|  46|0x0000000702e00000, 0x0000000702effff0, 0x0000000702f00000| 99%| O|  |TS  0|AC  0|TAMS 0x0000000702e00000, 0x0000000702e00000|
|  47|0x0000000702f00000, 0x0000000702ffff48, 0x0000000703000000| 99%| O|  |TS  0|AC  0|TAMS 0x0000000702f00000, 0x0000000702f00000|
|  48|0x0000000703000000, 0x00000007030ffff8, 0x0000000703100000| 99%| O|  |TS  0|AC  0|TAMS 0x0000000703000000, 0x0000000703000000|
|  49|0x0000000703100000, 0x00000007031fffe8, 0x0000000703200000| 99%| O|  |TS  0|AC  0|TAMS 0x0000000703100000, 0x0000000703100000|
|  50|0x0000000703200000, 0x00000007032fefc0, 0x0000000703300000| 99%| O|  |TS  0|AC  0|TAMS 0x0000000703200000, 0x0000000703200000|
|  51|0x0000000703300000, 0x00000007033fffe0, 0x0000000703400000| 99%| O|  |TS  0|AC  0|TAMS 0x0000000703300000, 0x0000000703300000|
|  52|0x0000000703400000, 0x00000007034fff30, 0x0000000703500000| 99%| O|  |TS  0|AC  0|TAMS 0x0000000703400000, 0x0000000703400000|
|  53|0x0000000703500000, 0x00000007035ffec0, 0x0000000703600000| 99%| O|  |TS  0|AC  0|TAMS 0x0000000703500000, 0x0000000703500000|
|  54|0x0000000703600000, 0x00000007036fffb8, 0x0000000703700000| 99%| O|  |TS  0|AC  0|TAMS 0x0000000703600000, 0x0000000703600000|
|  55|0x0000000703700000, 0x00000007037ffff0, 0x0000000703800000| 99%| O|  |TS  0|AC  0|TAMS 0x0000000703700000, 0x0000000703700000|
|  56|0x0000000703800000, 0x00000007038ffca0, 0x0000000703900000| 99%| O|  |TS  0|AC  0|TAMS 0x0000000703800000, 0x0000000703800000|
|  57|0x0000000703900000, 0x00000007039ffff0, 0x0000000703a00000| 99%| O|  |TS  0|AC  0|TAMS 0x0000000703900000, 0x0000000703900000|
|  58|0x0000000703a00000, 0x0000000703afec18, 0x0000000703b00000| 99%| O|  |TS  0|AC  0|TAMS 0x0000000703a00000, 0x0000000703a00000|
|  59|0x0000000703b00000, 0x0000000703c00000, 0x0000000703c00000|100%|HS|  |TS  0|AC  0|TAMS 0x0000000703b00000, 0x0000000703b00000|
|  60|0x0000000703c00000, 0x0000000703cfffd0, 0x0000000703d00000| 99%| O|  |TS  0|AC  0|TAMS 0x0000000703c00000, 0x0000000703c00000|
|  61|0x0000000703d00000, 0x0000000703dfecd8, 0x0000000703e00000| 99%| O|  |TS  0|AC  0|TAMS 0x0000000703d00000, 0x0000000703d00000|
|  62|0x0000000703e00000, 0x0000000703effef0, 0x0000000703f00000| 99%| O|  |TS  0|AC  0|TAMS 0x0000000703e00000, 0x0000000703e00000|
|  63|0x0000000703f00000, 0x0000000703fffdd8, 0x0000000704000000| 99%| O|  |TS  0|AC  0|TAMS 0x0000000703f00000, 0x0000000703f00000|
|  64|0x0000000704000000, 0x00000007040ffff0, 0x0000000704100000| 99%| O|  |TS  0|AC  0|TAMS 0x0000000704000000, 0x0000000704000000|
|  65|0x0000000704100000, 0x00000007041ffff8, 0x0000000704200000| 99%| O|  |TS  0|AC  0|TAMS 0x0000000704100000, 0x0000000704100000|
|  66|0x0000000704200000, 0x00000007042fffe8, 0x0000000704300000| 99%| O|  |TS  0|AC  0|TAMS 0x0000000704200000, 0x0000000704200000|
|  67|0x0000000704300000, 0x00000007043fe488, 0x0000000704400000| 99%| O|  |TS  0|AC  0|TAMS 0x0000000704300000, 0x0000000704300000|
|  68|0x0000000704400000, 0x0000000704500000, 0x0000000704500000|100%|HS|  |TS  0|AC  0|TAMS 0x0000000704400000, 0x0000000704400000|
|  69|0x0000000704500000, 0x00000007045ffff0, 0x0000000704600000| 99%| O|  |TS  0|AC  0|TAMS 0x0000000704500000, 0x0000000704500000|
|  70|0x0000000704600000, 0x00000007046fffe8, 0x0000000704700000| 99%| O|  |TS  0|AC  0|TAMS 0x0000000704600000, 0x0000000704600000|
|  71|0x0000000704700000, 0x0000000704800000, 0x0000000704800000|100%|HS|  |TS  0|AC  0|TAMS 0x0000000704700000, 0x0000000704700000|
|  72|0x0000000704800000, 0x00000007048ffff0, 0x0000000704900000| 99%| O|  |TS  0|AC  0|TAMS 0x0000000704800000, 0x0000000704800000|
|  73|0x0000000704900000, 0x00000007049fffe8, 0x0000000704a00000| 99%| O|  |TS  0|AC  0|TAMS 0x0000000704900000, 0x0000000704900000|
|  74|0x0000000704a00000, 0x0000000704affff0, 0x0000000704b00000| 99%| O|  |TS  0|AC  0|TAMS 0x0000000704a00000, 0x0000000704a00000|
|  75|0x0000000704b00000, 0x0000000704bffff8, 0x0000000704c00000| 99%| O|  |TS  0|AC  0|TAMS 0x0000000704b00000, 0x0000000704b00000|
|  76|0x0000000704c00000, 0x0000000704cfffd0, 0x0000000704d00000| 99%| O|  |TS  0|AC  0|TAMS 0x0000000704c00000, 0x0000000704c00000|
|  77|0x0000000704d00000, 0x0000000704dffff8, 0x0000000704e00000| 99%| O|  |TS  0|AC  0|TAMS 0x0000000704d00000, 0x0000000704d00000|
|  78|0x0000000704e00000, 0x0000000704effff8, 0x0000000704f00000| 99%| O|  |TS  0|AC  0|TAMS 0x0000000704e00000, 0x0000000704e00000|
|  79|0x0000000704f00000, 0x0000000704fffff8, 0x0000000705000000| 99%| O|  |TS  0|AC  0|TAMS 0x0000000704f00000, 0x0000000704f00000|
|  80|0x0000000705000000, 0x00000007050ffff8, 0x0000000705100000| 99%| O|  |TS  0|AC  0|TAMS 0x0000000705000000, 0x0000000705000000|
|  81|0x0000000705100000, 0x00000007051fffc8, 0x0000000705200000| 99%| O|  |TS  0|AC  0|TAMS 0x0000000705100000, 0x0000000705100000|
|  82|0x0000000705200000, 0x00000007052ffff8, 0x0000000705300000| 99%| O|  |TS  0|AC  0|TAMS 0x0000000705200000, 0x0000000705200000|
|  83|0x0000000705300000, 0x00000007053fff60, 0x0000000705400000| 99%| O|  |TS  0|AC  0|TAMS 0x0000000705300000, 0x0000000705300000|
|  84|0x0000000705400000, 0x0000000705500000, 0x0000000705500000|100%| O|  |TS  0|AC  0|TAMS 0x0000000705400000, 0x0000000705400000|
|  85|0x0000000705500000, 0x00000007055ffff0, 0x0000000705600000| 99%| O|  |TS  0|AC  0|TAMS 0x0000000705500000, 0x0000000705500000|
|  86|0x0000000705600000, 0x0000000705698450, 0x0000000705700000| 59%| O|  |TS  0|AC  0|TAMS 0x0000000705600000, 0x0000000705600000|
|  87|0x0000000705700000, 0x0000000705700000, 0x0000000705800000|  0%| F|  |TS  0|AC  0|TAMS 0x0000000705700000, 0x0000000705700000|
|  88|0x0000000705800000, 0x0000000705900000, 0x0000000705900000|100%|HS|  |TS  0|AC  0|TAMS 0x0000000705800000, 0x0000000705800000|
|  89|0x0000000705900000, 0x0000000705a00000, 0x0000000705a00000|100%|HC|  |TS  0|AC  0|TAMS 0x0000000705900000, 0x0000000705900000|
|  90|0x0000000705a00000, 0x0000000705b00000, 0x0000000705b00000|100%|HC|  |TS  0|AC  0|TAMS 0x0000000705a00000, 0x0000000705a00000|
|  91|0x0000000705b00000, 0x0000000705c00000, 0x0000000705c00000|100%|HC|  |TS  0|AC  0|TAMS 0x0000000705b00000, 0x0000000705b00000|
|  92|0x0000000705c00000, 0x0000000705d00000, 0x0000000705d00000|100%|HC|  |TS  0|AC  0|TAMS 0x0000000705c00000, 0x0000000705c00000|
|  93|0x0000000705d00000, 0x0000000705e00000, 0x0000000705e00000|100%|HC|  |TS  0|AC  0|TAMS 0x0000000705d00000, 0x0000000705d00000|
|  94|0x0000000705e00000, 0x0000000705f00000, 0x0000000705f00000|100%|HC|  |TS  0|AC  0|TAMS 0x0000000705e00000, 0x0000000705e00000|
|  95|0x0000000705f00000, 0x0000000706000000, 0x0000000706000000|100%|HC|  |TS  0|AC  0|TAMS 0x0000000705f00000, 0x0000000705f00000|
|  96|0x0000000706000000, 0x0000000706000000, 0x0000000706100000|  0%| F|  |TS  0|AC  0|TAMS 0x0000000706000000, 0x0000000706000000|
|  97|0x0000000706100000, 0x0000000706200000, 0x0000000706200000|100%|HS|  |TS  0|AC  0|TAMS 0x0000000706100000, 0x0000000706100000|
|  98|0x0000000706200000, 0x0000000706200000, 0x0000000706300000|  0%| F|  |TS  9|AC  0|TAMS 0x0000000706200000, 0x0000000706200000|
|  99|0x0000000706300000, 0x0000000706300000, 0x0000000706400000|  0%| F|  |TS  9|AC  0|TAMS 0x0000000706300000, 0x0000000706300000|
| 100|0x0000000706400000, 0x0000000706500000, 0x0000000706500000|100%|HS|  |TS  0|AC  0|TAMS 0x0000000706400000, 0x0000000706400000|
| 101|0x0000000706500000, 0x0000000706600000, 0x0000000706600000|100%|HC|  |TS  0|AC  0|TAMS 0x0000000706500000, 0x0000000706500000|
| 102|0x0000000706600000, 0x0000000706600000, 0x0000000706700000|  0%| F|  |TS  0|AC  0|TAMS 0x0000000706600000, 0x0000000706600000|
| 103|0x0000000706700000, 0x0000000706800000, 0x0000000706800000|100%|HS|  |TS  0|AC  0|TAMS 0x0000000706700000, 0x0000000706700000|
| 104|0x0000000706800000, 0x0000000706900000, 0x0000000706900000|100%|HC|  |TS  0|AC  0|TAMS 0x0000000706800000, 0x0000000706800000|
| 105|0x0000000706900000, 0x0000000706a00000, 0x0000000706a00000|100%|HC|  |TS  0|AC  0|TAMS 0x0000000706900000, 0x0000000706900000|
| 106|0x0000000706a00000, 0x0000000706a00000, 0x0000000706b00000|  0%| F|  |TS  0|AC  0|TAMS 0x0000000706a00000, 0x0000000706a00000|
| 107|0x0000000706b00000, 0x0000000706b00000, 0x0000000706c00000|  0%| F|  |TS  0|AC  0|TAMS 0x0000000706b00000, 0x0000000706b00000|
| 108|0x0000000706c00000, 0x0000000706c00000, 0x0000000706d00000|  0%| F|  |TS  0|AC  0|TAMS 0x0000000706c00000, 0x0000000706c00000|
| 109|0x0000000706d00000, 0x0000000706d00000, 0x0000000706e00000|  0%| F|  |TS  0|AC  0|TAMS 0x0000000706d00000, 0x0000000706d00000|
| 110|0x0000000706e00000, 0x0000000706e00000, 0x0000000706f00000|  0%| F|  |TS  0|AC  0|TAMS 0x0000000706e00000, 0x0000000706e00000|
| 111|0x0000000706f00000, 0x0000000706f00000, 0x0000000707000000|  0%| F|  |TS  0|AC  0|TAMS 0x0000000706f00000, 0x0000000706f00000|
| 112|0x0000000707000000, 0x0000000707000000, 0x0000000707100000|  0%| F|  |TS  0|AC  0|TAMS 0x0000000707000000, 0x0000000707000000|
| 113|0x0000000707100000, 0x0000000707100000, 0x0000000707200000|  0%| F|  |TS  0|AC  0|TAMS 0x0000000707100000, 0x0000000707100000|
| 114|0x0000000707200000, 0x0000000707200000, 0x0000000707300000|  0%| F|  |TS  0|AC  0|TAMS 0x0000000707200000, 0x0000000707200000|
| 115|0x0000000707300000, 0x0000000707400000, 0x0000000707400000|100%|HS|  |TS  0|AC  0|TAMS 0x0000000707300000, 0x0000000707300000|
| 116|0x0000000707400000, 0x0000000707500000, 0x0000000707500000|100%|HC|  |TS  0|AC  0|TAMS 0x0000000707400000, 0x0000000707400000|
| 117|0x0000000707500000, 0x0000000707600000, 0x0000000707600000|100%|HC|  |TS  0|AC  0|TAMS 0x0000000707500000, 0x0000000707500000|
| 118|0x0000000707600000, 0x0000000707700000, 0x0000000707700000|100%|HC|  |TS  0|AC  0|TAMS 0x0000000707600000, 0x0000000707600000|
| 119|0x0000000707700000, 0x0000000707800000, 0x0000000707800000|100%|HC|  |TS  0|AC  0|TAMS 0x0000000707700000, 0x0000000707700000|
| 120|0x0000000707800000, 0x0000000707900000, 0x0000000707900000|100%|HC|  |TS  0|AC  0|TAMS 0x0000000707800000, 0x0000000707800000|
| 121|0x0000000707900000, 0x0000000707a00000, 0x0000000707a00000|100%|HC|  |TS  0|AC  0|TAMS 0x0000000707900000, 0x0000000707900000|
| 122|0x0000000707a00000, 0x0000000707b00000, 0x0000000707b00000|100%|HC|  |TS  0|AC  0|TAMS 0x0000000707a00000, 0x0000000707a00000|
| 123|0x0000000707b00000, 0x0000000707b00000, 0x0000000707c00000|  0%| F|  |TS  0|AC  0|TAMS 0x0000000707b00000, 0x0000000707b00000|
| 124|0x0000000707c00000, 0x0000000707c00000, 0x0000000707d00000|  0%| F|  |TS  0|AC  0|TAMS 0x0000000707c00000, 0x0000000707c00000|
| 125|0x0000000707d00000, 0x0000000707d00000, 0x0000000707e00000|  0%| F|  |TS  0|AC  0|TAMS 0x0000000707d00000, 0x0000000707d00000|
| 126|0x0000000707e00000, 0x0000000707e00000, 0x0000000707f00000|  0%| F|  |TS  0|AC  0|TAMS 0x0000000707e00000, 0x0000000707e00000|
| 127|0x0000000707f00000, 0x0000000707f00000, 0x0000000708000000|  0%| F|  |TS  0|AC  0|TAMS 0x0000000707f00000, 0x0000000707f00000|
| 128|0x0000000708000000, 0x0000000708000000, 0x0000000708100000|  0%| F|  |TS  0|AC  0|TAMS 0x0000000708000000, 0x0000000708000000|
| 129|0x0000000708100000, 0x0000000708100000, 0x0000000708200000|  0%| F|  |TS  0|AC  0|TAMS 0x0000000708100000, 0x0000000708100000|
| 130|0x0000000708200000, 0x0000000708200000, 0x0000000708300000|  0%| F|  |TS  0|AC  0|TAMS 0x0000000708200000, 0x0000000708200000|
| 131|0x0000000708300000, 0x0000000708300000, 0x0000000708400000|  0%| F|  |TS  0|AC  0|TAMS 0x0000000708300000, 0x0000000708300000|
| 132|0x0000000708400000, 0x0000000708400000, 0x0000000708500000|  0%| F|  |TS  0|AC  0|TAMS 0x0000000708400000, 0x0000000708400000|
| 133|0x0000000708500000, 0x0000000708500000, 0x0000000708600000|  0%| F|  |TS  0|AC  0|TAMS 0x0000000708500000, 0x0000000708500000|
| 134|0x0000000708600000, 0x0000000708600000, 0x0000000708700000|  0%| F|  |TS  0|AC  0|TAMS 0x0000000708600000, 0x0000000708600000|
| 135|0x0000000708700000, 0x0000000708700000, 0x0000000708800000|  0%| F|  |TS  0|AC  0|TAMS 0x0000000708700000, 0x0000000708700000|
| 136|0x0000000708800000, 0x0000000708800000, 0x0000000708900000|  0%| F|  |TS  0|AC  0|TAMS 0x0000000708800000, 0x0000000708800000|
| 137|0x0000000708900000, 0x0000000708900000, 0x0000000708a00000|  0%| F|  |TS  0|AC  0|TAMS 0x0000000708900000, 0x0000000708900000|
| 138|0x0000000708a00000, 0x0000000708a00000, 0x0000000708b00000|  0%| F|  |TS  0|AC  0|TAMS 0x0000000708a00000, 0x0000000708a00000|
| 139|0x0000000708b00000, 0x0000000708b00000, 0x0000000708c00000|  0%| F|  |TS  0|AC  0|TAMS 0x0000000708b00000, 0x0000000708b00000|
| 140|0x0000000708c00000, 0x0000000708c00000, 0x0000000708d00000|  0%| F|  |TS  0|AC  0|TAMS 0x0000000708c00000, 0x0000000708c00000|
| 141|0x0000000708d00000, 0x0000000708d00000, 0x0000000708e00000|  0%| F|  |TS  0|AC  0|TAMS 0x0000000708d00000, 0x0000000708d00000|
| 142|0x0000000708e00000, 0x0000000708e00000, 0x0000000708f00000|  0%| F|  |TS  0|AC  0|TAMS 0x0000000708e00000, 0x0000000708e00000|
| 143|0x0000000708f00000, 0x0000000708f00000, 0x0000000709000000|  0%| F|  |TS  0|AC  0|TAMS 0x0000000708f00000, 0x0000000708f00000|
| 144|0x0000000709000000, 0x0000000709000000, 0x0000000709100000|  0%| F|  |TS  0|AC  0|TAMS 0x0000000709000000, 0x0000000709000000|
| 145|0x0000000709100000, 0x0000000709100000, 0x0000000709200000|  0%| F|  |TS  0|AC  0|TAMS 0x0000000709100000, 0x0000000709100000|
| 146|0x0000000709200000, 0x0000000709200000, 0x0000000709300000|  0%| F|  |TS  0|AC  0|TAMS 0x0000000709200000, 0x0000000709200000|
| 147|0x0000000709300000, 0x0000000709300000, 0x0000000709400000|  0%| F|  |TS  0|AC  0|TAMS 0x0000000709300000, 0x0000000709300000|
| 148|0x0000000709400000, 0x0000000709400000, 0x0000000709500000|  0%| F|  |TS  0|AC  0|TAMS 0x0000000709400000, 0x0000000709400000|
| 149|0x0000000709500000, 0x0000000709500000, 0x0000000709600000|  0%| F|  |TS  0|AC  0|TAMS 0x0000000709500000, 0x0000000709500000|
| 150|0x0000000709600000, 0x0000000709600000, 0x0000000709700000|  0%| F|  |TS  0|AC  0|TAMS 0x0000000709600000, 0x0000000709600000|
| 151|0x0000000709700000, 0x0000000709700000, 0x0000000709800000|  0%| F|  |TS  0|AC  0|TAMS 0x0000000709700000, 0x0000000709700000|
| 152|0x0000000709800000, 0x0000000709800000, 0x0000000709900000|  0%| F|  |TS  0|AC  0|TAMS 0x0000000709800000, 0x0000000709800000|
| 153|0x0000000709900000, 0x0000000709900000, 0x0000000709a00000|  0%| F|  |TS  0|AC  0|TAMS 0x0000000709900000, 0x0000000709900000|
| 154|0x0000000709a00000, 0x0000000709a00000, 0x0000000709b00000|  0%| F|  |TS  0|AC  0|TAMS 0x0000000709a00000, 0x0000000709a00000|
| 155|0x0000000709b00000, 0x0000000709b00000, 0x0000000709c00000|  0%| F|  |TS  0|AC  0|TAMS 0x0000000709b00000, 0x0000000709b00000|
| 156|0x0000000709c00000, 0x0000000709c00000, 0x0000000709d00000|  0%| F|  |TS  0|AC  0|TAMS 0x0000000709c00000, 0x0000000709c00000|
| 157|0x0000000709d00000, 0x0000000709d00000, 0x0000000709e00000|  0%| F|  |TS  0|AC  0|TAMS 0x0000000709d00000, 0x0000000709d00000|
| 158|0x0000000709e00000, 0x0000000709e00000, 0x0000000709f00000|  0%| F|  |TS  0|AC  0|TAMS 0x0000000709e00000, 0x0000000709e00000|
| 159|0x0000000709f00000, 0x0000000709f00000, 0x000000070a000000|  0%| F|  |TS  0|AC  0|TAMS 0x0000000709f00000, 0x0000000709f00000|
| 160|0x000000070a000000, 0x000000070a000000, 0x000000070a100000|  0%| F|  |TS  0|AC  0|TAMS 0x000000070a000000, 0x000000070a000000|
| 161|0x000000070a100000, 0x000000070a100000, 0x000000070a200000|  0%| F|  |TS  0|AC  0|TAMS 0x000000070a100000, 0x000000070a100000|
| 162|0x000000070a200000, 0x000000070a200000, 0x000000070a300000|  0%| F|  |TS  0|AC  0|TAMS 0x000000070a200000, 0x000000070a200000|
| 163|0x000000070a300000, 0x000000070a300000, 0x000000070a400000|  0%| F|  |TS  0|AC  0|TAMS 0x000000070a300000, 0x000000070a300000|
| 164|0x000000070a400000, 0x000000070a400000, 0x000000070a500000|  0%| F|  |TS  0|AC  0|TAMS 0x000000070a400000, 0x000000070a400000|
| 165|0x000000070a500000, 0x000000070a500000, 0x000000070a600000|  0%| F|  |TS  0|AC  0|TAMS 0x000000070a500000, 0x000000070a500000|
| 166|0x000000070a600000, 0x000000070a600000, 0x000000070a700000|  0%| F|  |TS  0|AC  0|TAMS 0x000000070a600000, 0x000000070a600000|
| 167|0x000000070a700000, 0x000000070a700000, 0x000000070a800000|  0%| F|  |TS  0|AC  0|TAMS 0x000000070a700000, 0x000000070a700000|
| 168|0x000000070a800000, 0x000000070a800000, 0x000000070a900000|  0%| F|  |TS  0|AC  0|TAMS 0x000000070a800000, 0x000000070a800000|
| 169|0x000000070a900000, 0x000000070a900000, 0x000000070aa00000|  0%| F|  |TS  0|AC  0|TAMS 0x000000070a900000, 0x000000070a900000|
| 170|0x000000070aa00000, 0x000000070aa00000, 0x000000070ab00000|  0%| F|  |TS  0|AC  0|TAMS 0x000000070aa00000, 0x000000070aa00000|
| 171|0x000000070ab00000, 0x000000070ab00000, 0x000000070ac00000|  0%| F|  |TS  0|AC  0|TAMS 0x000000070ab00000, 0x000000070ab00000|
| 172|0x000000070ac00000, 0x000000070ac00000, 0x000000070ad00000|  0%| F|  |TS  0|AC  0|TAMS 0x000000070ac00000, 0x000000070ac00000|
| 173|0x000000070ad00000, 0x000000070ad00000, 0x000000070ae00000|  0%| F|  |TS  0|AC  0|TAMS 0x000000070ad00000, 0x000000070ad00000|
| 174|0x000000070ae00000, 0x000000070ae00000, 0x000000070af00000|  0%| F|  |TS  0|AC  0|TAMS 0x000000070ae00000, 0x000000070ae00000|
| 175|0x000000070af00000, 0x000000070af00000, 0x000000070b000000|  0%| F|  |TS  0|AC  0|TAMS 0x000000070af00000, 0x000000070af00000|
| 176|0x000000070b000000, 0x000000070b000000, 0x000000070b100000|  0%| F|  |TS  0|AC  0|TAMS 0x000000070b000000, 0x000000070b000000|
| 177|0x000000070b100000, 0x000000070b100000, 0x000000070b200000|  0%| F|  |TS  0|AC  0|TAMS 0x000000070b100000, 0x000000070b100000|
| 178|0x000000070b200000, 0x000000070b200000, 0x000000070b300000|  0%| F|  |TS  0|AC  0|TAMS 0x000000070b200000, 0x000000070b200000|
| 179|0x000000070b300000, 0x000000070b300000, 0x000000070b400000|  0%| F|  |TS  0|AC  0|TAMS 0x000000070b300000, 0x000000070b300000|
| 180|0x000000070b400000, 0x000000070b400000, 0x000000070b500000|  0%| F|  |TS  0|AC  0|TAMS 0x000000070b400000, 0x000000070b400000|
| 181|0x000000070b500000, 0x000000070b500000, 0x000000070b600000|  0%| F|  |TS  0|AC  0|TAMS 0x000000070b500000, 0x000000070b500000|
| 182|0x000000070b600000, 0x000000070b600000, 0x000000070b700000|  0%| F|  |TS  0|AC  0|TAMS 0x000000070b600000, 0x000000070b600000|
| 183|0x000000070b700000, 0x000000070b700000, 0x000000070b800000|  0%| F|  |TS  0|AC  0|TAMS 0x000000070b700000, 0x000000070b700000|
| 184|0x000000070b800000, 0x000000070b800000, 0x000000070b900000|  0%| F|  |TS  0|AC  0|TAMS 0x000000070b800000, 0x000000070b800000|
| 185|0x000000070b900000, 0x000000070b900000, 0x000000070ba00000|  0%| F|  |TS  0|AC  0|TAMS 0x000000070b900000, 0x000000070b900000|
| 186|0x000000070ba00000, 0x000000070ba00000, 0x000000070bb00000|  0%| F|  |TS  0|AC  0|TAMS 0x000000070ba00000, 0x000000070ba00000|
| 187|0x000000070bb00000, 0x000000070bb00000, 0x000000070bc00000|  0%| F|  |TS  0|AC  0|TAMS 0x000000070bb00000, 0x000000070bb00000|
| 188|0x000000070bc00000, 0x000000070bc00000, 0x000000070bd00000|  0%| F|  |TS  0|AC  0|TAMS 0x000000070bc00000, 0x000000070bc00000|
| 189|0x000000070bd00000, 0x000000070bd00000, 0x000000070be00000|  0%| F|  |TS  0|AC  0|TAMS 0x000000070bd00000, 0x000000070bd00000|
| 190|0x000000070be00000, 0x000000070be00000, 0x000000070bf00000|  0%| F|  |TS  0|AC  0|TAMS 0x000000070be00000, 0x000000070be00000|
| 191|0x000000070bf00000, 0x000000070bf00000, 0x000000070c000000|  0%| F|  |TS  0|AC  0|TAMS 0x000000070bf00000, 0x000000070bf00000|
| 192|0x000000070c000000, 0x000000070c000000, 0x000000070c100000|  0%| F|  |TS  0|AC  0|TAMS 0x000000070c000000, 0x000000070c000000|
| 193|0x000000070c100000, 0x000000070c100000, 0x000000070c200000|  0%| F|  |TS  0|AC  0|TAMS 0x000000070c100000, 0x000000070c100000|
| 194|0x000000070c200000, 0x000000070c200000, 0x000000070c300000|  0%| F|  |TS  0|AC  0|TAMS 0x000000070c200000, 0x000000070c200000|
| 195|0x000000070c300000, 0x000000070c300000, 0x000000070c400000|  0%| F|  |TS  0|AC  0|TAMS 0x000000070c300000, 0x000000070c300000|
| 196|0x000000070c400000, 0x000000070c400000, 0x000000070c500000|  0%| F|  |TS  0|AC  0|TAMS 0x000000070c400000, 0x000000070c400000|
| 197|0x000000070c500000, 0x000000070c500000, 0x000000070c600000|  0%| F|  |TS  0|AC  0|TAMS 0x000000070c500000, 0x000000070c500000|
| 198|0x000000070c600000, 0x000000070c600000, 0x000000070c700000|  0%| F|  |TS  0|AC  0|TAMS 0x000000070c600000, 0x000000070c600000|
| 199|0x000000070c700000, 0x000000070c700000, 0x000000070c800000|  0%| F|  |TS  0|AC  0|TAMS 0x000000070c700000, 0x000000070c700000|
| 200|0x000000070c800000, 0x000000070c800000, 0x000000070c900000|  0%| F|  |TS  0|AC  0|TAMS 0x000000070c800000, 0x000000070c800000|
| 201|0x000000070c900000, 0x000000070c900000, 0x000000070ca00000|  0%| F|  |TS  0|AC  0|TAMS 0x000000070c900000, 0x000000070c900000|
| 202|0x000000070ca00000, 0x000000070ca00000, 0x000000070cb00000|  0%| F|  |TS  0|AC  0|TAMS 0x000000070ca00000, 0x000000070ca00000|
| 203|0x000000070cb00000, 0x000000070cb00000, 0x000000070cc00000|  0%| F|  |TS  0|AC  0|TAMS 0x000000070cb00000, 0x000000070cb00000|
| 204|0x000000070cc00000, 0x000000070cc00000, 0x000000070cd00000|  0%| F|  |TS  0|AC  0|TAMS 0x000000070cc00000, 0x000000070cc00000|
| 205|0x000000070cd00000, 0x000000070cd00000, 0x000000070ce00000|  0%| F|  |TS  0|AC  0|TAMS 0x000000070cd00000, 0x000000070cd00000|
| 206|0x000000070ce00000, 0x000000070ce00000, 0x000000070cf00000|  0%| F|  |TS  0|AC  0|TAMS 0x000000070ce00000, 0x000000070ce00000|
| 207|0x000000070cf00000, 0x000000070cf00000, 0x000000070d000000|  0%| F|  |TS  0|AC  0|TAMS 0x000000070cf00000, 0x000000070cf00000|
| 208|0x000000070d000000, 0x000000070d000000, 0x000000070d100000|  0%| F|  |TS  0|AC  0|TAMS 0x000000070d000000, 0x000000070d000000|
| 209|0x000000070d100000, 0x000000070d100000, 0x000000070d200000|  0%| F|  |TS  0|AC  0|TAMS 0x000000070d100000, 0x000000070d100000|
| 210|0x000000070d200000, 0x000000070d200000, 0x000000070d300000|  0%| F|  |TS  0|AC  0|TAMS 0x000000070d200000, 0x000000070d200000|
| 211|0x000000070d300000, 0x000000070d300000, 0x000000070d400000|  0%| F|  |TS  0|AC  0|TAMS 0x000000070d300000, 0x000000070d300000|
| 212|0x000000070d400000, 0x000000070d400000, 0x000000070d500000|  0%| F|  |TS  0|AC  0|TAMS 0x000000070d400000, 0x000000070d400000|
| 213|0x000000070d500000, 0x000000070d500000, 0x000000070d600000|  0%| F|  |TS  0|AC  0|TAMS 0x000000070d500000, 0x000000070d500000|
| 214|0x000000070d600000, 0x000000070d600000, 0x000000070d700000|  0%| F|  |TS  0|AC  0|TAMS 0x000000070d600000, 0x000000070d600000|
| 215|0x000000070d700000, 0x000000070d700000, 0x000000070d800000|  0%| F|  |TS  0|AC  0|TAMS 0x000000070d700000, 0x000000070d700000|
| 216|0x000000070d800000, 0x000000070d800000, 0x000000070d900000|  0%| F|  |TS  0|AC  0|TAMS 0x000000070d800000, 0x000000070d800000|
| 217|0x000000070d900000, 0x000000070d900000, 0x000000070da00000|  0%| F|  |TS  0|AC  0|TAMS 0x000000070d900000, 0x000000070d900000|
| 218|0x000000070da00000, 0x000000070dab8a78, 0x000000070db00000| 72%| S|CS|TS  9|AC  0|TAMS 0x000000070da00000, 0x000000070da00000|
| 219|0x000000070db00000, 0x000000070db00000, 0x000000070dc00000|  0%| F|  |TS  9|AC  0|TAMS 0x000000070db00000, 0x000000070db00000|
| 220|0x000000070dc00000, 0x000000070dc00000, 0x000000070dd00000|  0%| F|  |TS  9|AC  0|TAMS 0x000000070dc00000, 0x000000070dc00000|
| 221|0x000000070dd00000, 0x000000070dd00000, 0x000000070de00000|  0%| F|  |TS  9|AC  0|TAMS 0x000000070dd00000, 0x000000070dd00000|
| 222|0x000000070de00000, 0x000000070de00000, 0x000000070df00000|  0%| F|  |TS  9|AC  0|TAMS 0x000000070de00000, 0x000000070de00000|
| 223|0x000000070df00000, 0x000000070df00000, 0x000000070e000000|  0%| F|  |TS  9|AC  0|TAMS 0x000000070df00000, 0x000000070df00000|
| 224|0x000000070e000000, 0x000000070e000000, 0x000000070e100000|  0%| F|  |TS  9|AC  0|TAMS 0x000000070e000000, 0x000000070e000000|
| 225|0x000000070e100000, 0x000000070e100000, 0x000000070e200000|  0%| F|  |TS  9|AC  0|TAMS 0x000000070e100000, 0x000000070e100000|
| 226|0x000000070e200000, 0x000000070e200000, 0x000000070e300000|  0%| F|  |TS  9|AC  0|TAMS 0x000000070e200000, 0x000000070e200000|
| 227|0x000000070e300000, 0x000000070e300000, 0x000000070e400000|  0%| F|  |TS  9|AC  0|TAMS 0x000000070e300000, 0x000000070e300000|
| 228|0x000000070e400000, 0x000000070e400000, 0x000000070e500000|  0%| F|  |TS  9|AC  0|TAMS 0x000000070e400000, 0x000000070e400000|
| 229|0x000000070e500000, 0x000000070e500000, 0x000000070e600000|  0%| F|  |TS  9|AC  0|TAMS 0x000000070e500000, 0x000000070e500000|
| 230|0x000000070e600000, 0x000000070e600000, 0x000000070e700000|  0%| F|  |TS  9|AC  0|TAMS 0x000000070e600000, 0x000000070e600000|
| 231|0x000000070e700000, 0x000000070e700000, 0x000000070e800000|  0%| F|  |TS  9|AC  0|TAMS 0x000000070e700000, 0x000000070e700000|
| 232|0x000000070e800000, 0x000000070e800000, 0x000000070e900000|  0%| F|  |TS  9|AC  0|TAMS 0x000000070e800000, 0x000000070e800000|
| 233|0x000000070e900000, 0x000000070e900000, 0x000000070ea00000|  0%| F|  |TS  9|AC  0|TAMS 0x000000070e900000, 0x000000070e900000|
| 234|0x000000070ea00000, 0x000000070ea00000, 0x000000070eb00000|  0%| F|  |TS  9|AC  0|TAMS 0x000000070ea00000, 0x000000070ea00000|
| 235|0x000000070eb00000, 0x000000070eb00000, 0x000000070ec00000|  0%| F|  |TS  9|AC  0|TAMS 0x000000070eb00000, 0x000000070eb00000|
| 236|0x000000070ec00000, 0x000000070ec00000, 0x000000070ed00000|  0%| F|  |TS  9|AC  0|TAMS 0x000000070ec00000, 0x000000070ec00000|
| 237|0x000000070ed00000, 0x000000070ed00000, 0x000000070ee00000|  0%| F|  |TS  9|AC  0|TAMS 0x000000070ed00000, 0x000000070ed00000|
| 238|0x000000070ee00000, 0x000000070ee00000, 0x000000070ef00000|  0%| F|  |TS  9|AC  0|TAMS 0x000000070ee00000, 0x000000070ee00000|
| 239|0x000000070ef00000, 0x000000070ef00000, 0x000000070f000000|  0%| F|  |TS  9|AC  0|TAMS 0x000000070ef00000, 0x000000070ef00000|
| 240|0x000000070f000000, 0x000000070f000000, 0x000000070f100000|  0%| F|  |TS  9|AC  0|TAMS 0x000000070f000000, 0x000000070f000000|
| 241|0x000000070f100000, 0x000000070f100000, 0x000000070f200000|  0%| F|  |TS  9|AC  0|TAMS 0x000000070f100000, 0x000000070f100000|
| 242|0x000000070f200000, 0x000000070f200000, 0x000000070f300000|  0%| F|  |TS  9|AC  0|TAMS 0x000000070f200000, 0x000000070f200000|
| 243|0x000000070f300000, 0x000000070f300000, 0x000000070f400000|  0%| F|  |TS  9|AC  0|TAMS 0x000000070f300000, 0x000000070f300000|
| 244|0x000000070f400000, 0x000000070f400000, 0x000000070f500000|  0%| F|  |TS  9|AC  0|TAMS 0x000000070f400000, 0x000000070f400000|
| 245|0x000000070f500000, 0x000000070f500000, 0x000000070f600000|  0%| F|  |TS  9|AC  0|TAMS 0x000000070f500000, 0x000000070f500000|
| 246|0x000000070f600000, 0x000000070f600000, 0x000000070f700000|  0%| F|  |TS  9|AC  0|TAMS 0x000000070f600000, 0x000000070f600000|
| 247|0x000000070f700000, 0x000000070f700000, 0x000000070f800000|  0%| F|  |TS  9|AC  0|TAMS 0x000000070f700000, 0x000000070f700000|
| 248|0x000000070f800000, 0x000000070f800000, 0x000000070f900000|  0%| F|  |TS  9|AC  0|TAMS 0x000000070f800000, 0x000000070f800000|
| 249|0x000000070f900000, 0x000000070f900000, 0x000000070fa00000|  0%| F|  |TS  9|AC  0|TAMS 0x000000070f900000, 0x000000070f900000|
| 250|0x000000070fa00000, 0x000000070fa00000, 0x000000070fb00000|  0%| F|  |TS  9|AC  0|TAMS 0x000000070fa00000, 0x000000070fa00000|
| 251|0x000000070fb00000, 0x000000070fb00000, 0x000000070fc00000|  0%| F|  |TS  9|AC  0|TAMS 0x000000070fb00000, 0x000000070fb00000|
| 252|0x000000070fc00000, 0x000000070fc00000, 0x000000070fd00000|  0%| F|  |TS  9|AC  0|TAMS 0x000000070fc00000, 0x000000070fc00000|
| 253|0x000000070fd00000, 0x000000070fd00000, 0x000000070fe00000|  0%| F|  |TS  9|AC  0|TAMS 0x000000070fd00000, 0x000000070fd00000|
| 254|0x000000070fe00000, 0x000000070fe00000, 0x000000070ff00000|  0%| F|  |TS  9|AC  0|TAMS 0x000000070fe00000, 0x000000070fe00000|
| 255|0x000000070ff00000, 0x000000070ff00000, 0x0000000710000000|  0%| F|  |TS  9|AC  0|TAMS 0x000000070ff00000, 0x000000070ff00000|
| 256|0x0000000710000000, 0x0000000710000000, 0x0000000710100000|  0%| F|  |TS  9|AC  0|TAMS 0x0000000710000000, 0x0000000710000000|
| 257|0x0000000710100000, 0x0000000710100000, 0x0000000710200000|  0%| F|  |TS  9|AC  0|TAMS 0x0000000710100000, 0x0000000710100000|
| 258|0x0000000710200000, 0x0000000710200000, 0x0000000710300000|  0%| F|  |TS  9|AC  0|TAMS 0x0000000710200000, 0x0000000710200000|
| 259|0x0000000710300000, 0x0000000710300000, 0x0000000710400000|  0%| F|  |TS  9|AC  0|TAMS 0x0000000710300000, 0x0000000710300000|
| 260|0x0000000710400000, 0x0000000710400000, 0x0000000710500000|  0%| F|  |TS  9|AC  0|TAMS 0x0000000710400000, 0x0000000710400000|
| 261|0x0000000710500000, 0x0000000710500000, 0x0000000710600000|  0%| F|  |TS  9|AC  0|TAMS 0x0000000710500000, 0x0000000710500000|
| 262|0x0000000710600000, 0x0000000710600000, 0x0000000710700000|  0%| F|  |TS  9|AC  0|TAMS 0x0000000710600000, 0x0000000710600000|
| 263|0x0000000710700000, 0x0000000710700000, 0x0000000710800000|  0%| F|  |TS  9|AC  0|TAMS 0x0000000710700000, 0x0000000710700000|
| 264|0x0000000710800000, 0x0000000710800000, 0x0000000710900000|  0%| F|  |TS  9|AC  0|TAMS 0x0000000710800000, 0x0000000710800000|
| 265|0x0000000710900000, 0x0000000710900000, 0x0000000710a00000|  0%| F|  |TS  9|AC  0|TAMS 0x0000000710900000, 0x0000000710900000|
| 266|0x0000000710a00000, 0x0000000710a00000, 0x0000000710b00000|  0%| F|  |TS  9|AC  0|TAMS 0x0000000710a00000, 0x0000000710a00000|
| 267|0x0000000710b00000, 0x0000000710beae40, 0x0000000710c00000| 91%| E|  |TS  9|AC  0|TAMS 0x0000000710b00000, 0x0000000710b00000|
| 268|0x0000000710c00000, 0x0000000710d00000, 0x0000000710d00000|100%| E|CS|TS  9|AC  0|TAMS 0x0000000710c00000, 0x0000000710c00000|
| 269|0x0000000710d00000, 0x0000000710e00000, 0x0000000710e00000|100%| E|CS|TS  9|AC  0|TAMS 0x0000000710d00000, 0x0000000710d00000|
| 270|0x0000000710e00000, 0x0000000710f00000, 0x0000000710f00000|100%| E|CS|TS  9|AC  0|TAMS 0x0000000710e00000, 0x0000000710e00000|
| 271|0x0000000710f00000, 0x0000000711000000, 0x0000000711000000|100%| E|CS|TS  9|AC  0|TAMS 0x0000000710f00000, 0x0000000710f00000|
| 272|0x0000000711000000, 0x0000000711100000, 0x0000000711100000|100%| E|CS|TS  9|AC  0|TAMS 0x0000000711000000, 0x0000000711000000|
| 273|0x0000000711100000, 0x0000000711200000, 0x0000000711200000|100%| E|CS|TS  9|AC  0|TAMS 0x0000000711100000, 0x0000000711100000|
| 274|0x0000000711200000, 0x0000000711300000, 0x0000000711300000|100%| E|CS|TS  9|AC  0|TAMS 0x0000000711200000, 0x0000000711200000|
| 275|0x0000000711300000, 0x0000000711400000, 0x0000000711400000|100%| E|CS|TS  9|AC  0|TAMS 0x0000000711300000, 0x0000000711300000|
| 276|0x0000000711400000, 0x0000000711500000, 0x0000000711500000|100%| E|CS|TS  9|AC  0|TAMS 0x0000000711400000, 0x0000000711400000|
| 277|0x0000000711500000, 0x0000000711600000, 0x0000000711600000|100%| E|CS|TS  9|AC  0|TAMS 0x0000000711500000, 0x0000000711500000|
| 278|0x0000000711600000, 0x0000000711700000, 0x0000000711700000|100%| E|CS|TS  9|AC  0|TAMS 0x0000000711600000, 0x0000000711600000|

Card table byte_map: [0x0000021952b80000,0x0000021953180000] byte_map_base: 0x000002194f380000

Marking Bits (Prev, Next): (CMBitMap*) 0x0000021958299ce8, (CMBitMap*) 0x0000021958299cb0
 Prev Bits: [0x0000021971400000, 0x0000021974400000)
 Next Bits: [0x000002196e400000, 0x0000021971400000)

Polling page: 0x000002194b490000

CodeHeap 'non-profiled nmethods': size=120000Kb used=29592Kb max_used=29592Kb free=90407Kb
 bounds [0x0000021966ed0000, 0x0000021968bc0000, 0x000002196e400000]
CodeHeap 'profiled nmethods': size=120000Kb used=48894Kb max_used=49419Kb free=71105Kb
 bounds [0x000002195f9a0000, 0x0000021962a60000, 0x0000021966ed0000]
CodeHeap 'non-nmethods': size=5760Kb used=1893Kb max_used=1951Kb free=3866Kb
 bounds [0x000002195f400000, 0x000002195f670000, 0x000002195f9a0000]
 total_blobs=43726 nmethods=21378 adapters=1285
 compilation: enabled

Compilation events (10 events):
Event: 34726.537 Thread 0x00000219582c1800 29244       4       ui.utils.lnf.HSyntheticaJideTabbedPaneUI::paintText (1226 bytes)
Event: 34726.621 Thread 0x00000219582c1800 nmethod 29244 0x0000021968bb3110 code [0x0000021968bb3660, 0x0000021968bb83a8]
Event: 34727.207 Thread 0x00000219582bf000 29245       1       java.lang.Throwable::getMessage (5 bytes)
Event: 34727.207 Thread 0x00000219582bf000 nmethod 29245 0x0000021968bbb210 code [0x0000021968bbb3c0, 0x0000021968bbb4d8]
Event: 34727.238 Thread 0x00000219582bf000 29246       3       sun.awt.windows.WComponentPeer::handleExpose (10 bytes)
Event: 34727.239 Thread 0x00000219582bf000 nmethod 29246 0x000002196131fd90 code [0x000002196131ff40, 0x00000219613200d0]
Event: 34727.239 Thread 0x00000219582bf000 29247       3       sun.awt.windows.WComponentPeer::postPaintIfNecessary (50 bytes)
Event: 34727.240 Thread 0x00000219582bf000 nmethod 29247 0x0000021961fac890 code [0x0000021961facb40, 0x0000021961fadda0]
Event: 34727.240 Thread 0x00000219582bf000 29248       3       sun.awt.windows.WComponentPeer::coalescePaintEvent (125 bytes)
Event: 34727.240 Thread 0x00000219582bf000 nmethod 29248 0x0000021961b7e290 code [0x0000021961b7e500, 0x0000021961b7ef40]

GC Heap History (10 events):
Event: 34721.827 GC heap before
{Heap before GC invocations=1963 (full 1028):
 garbage-first heap   total 285696K, used 170136K [0x0000000700000000, 0x00000007001008b8, 0x00000007c0000000)
  region size 1024K, 60 young (61440K), 0 survivors (0K)
 Metaspace       used 91518K, capacity 93809K, committed 100016K, reserved 1136640K
  class space    used 11732K, capacity 12197K, committed 13488K, reserved 1048576K
}
Event: 34721.830 GC heap after
{Heap after GC invocations=1964 (full 1028):
 garbage-first heap   total 285696K, used 108839K [0x0000000700000000, 0x00000007001008b8, 0x00000007c0000000)
  region size 1024K, 1 young (1024K), 1 survivors (1024K)
 Metaspace       used 91518K, capacity 93809K, committed 100016K, reserved 1136640K
  class space    used 11732K, capacity 12197K, committed 13488K, reserved 1048576K
}
Event: 34722.008 GC heap before
{Heap before GC invocations=1964 (full 1028):
 garbage-first heap   total 285696K, used 169255K [0x0000000700000000, 0x00000007001008b8, 0x00000007c0000000)
  region size 1024K, 60 young (61440K), 1 survivors (1024K)
 Metaspace       used 91518K, capacity 93809K, committed 100016K, reserved 1136640K
  class space    used 11732K, capacity 12197K, committed 13488K, reserved 1048576K
}
Event: 34722.009 GC heap after
{Heap after GC invocations=1965 (full 1028):
 garbage-first heap   total 285696K, used 108857K [0x0000000700000000, 0x00000007001008b8, 0x00000007c0000000)
  region size 1024K, 1 young (1024K), 1 survivors (1024K)
 Metaspace       used 91518K, capacity 93809K, committed 100016K, reserved 1136640K
  class space    used 11732K, capacity 12197K, committed 13488K, reserved 1048576K
}
Event: 34722.990 GC heap before
{Heap before GC invocations=1965 (full 1028):
 garbage-first heap   total 285696K, used 170297K [0x0000000700000000, 0x00000007001008b8, 0x00000007c0000000)
  region size 1024K, 60 young (61440K), 1 survivors (1024K)
 Metaspace       used 91518K, capacity 93809K, committed 100016K, reserved 1136640K
  class space    used 11732K, capacity 12197K, committed 13488K, reserved 1048576K
}
Event: 34722.992 GC heap after
{Heap after GC invocations=1966 (full 1028):
 garbage-first heap   total 285696K, used 111167K [0x0000000700000000, 0x00000007001008b8, 0x00000007c0000000)
  region size 1024K, 1 young (1024K), 1 survivors (1024K)
 Metaspace       used 91518K, capacity 93809K, committed 100016K, reserved 1136640K
  class space    used 11732K, capacity 12197K, committed 13488K, reserved 1048576K
}
Event: 34726.083 GC heap before
{Heap before GC invocations=1966 (full 1028):
 garbage-first heap   total 285696K, used 173631K [0x0000000700000000, 0x00000007001008b8, 0x00000007c0000000)
  region size 1024K, 60 young (61440K), 1 survivors (1024K)
 Metaspace       used 91530K, capacity 93873K, committed 100016K, reserved 1136640K
  class space    used 11732K, capacity 12197K, committed 13488K, reserved 1048576K
}
Event: 34726.086 GC heap after
{Heap after GC invocations=1967 (full 1028):
 garbage-first heap   total 285696K, used 113511K [0x0000000700000000, 0x00000007001008b8, 0x00000007c0000000)
  region size 1024K, 1 young (1024K), 1 survivors (1024K)
 Metaspace       used 91530K, capacity 93873K, committed 100016K, reserved 1136640K
  class space    used 11732K, capacity 12197K, committed 13488K, reserved 1048576K
}
Event: 34726.533 GC heap before
{Heap before GC invocations=1967 (full 1028):
 garbage-first heap   total 285696K, used 173927K [0x0000000700000000, 0x00000007001008b8, 0x00000007c0000000)
  region size 1024K, 60 young (61440K), 1 survivors (1024K)
 Metaspace       used 91545K, capacity 93873K, committed 100016K, reserved 1136640K
  class space    used 11732K, capacity 12197K, committed 13488K, reserved 1048576K
}
Event: 34726.535 GC heap after
{Heap after GC invocations=1968 (full 1028):
 garbage-first heap   total 285696K, used 111483K [0x0000000700000000, 0x00000007001008b8, 0x00000007c0000000)
  region size 1024K, 1 young (1024K), 1 survivors (1024K)
 Metaspace       used 91545K, capacity 93873K, committed 100016K, reserved 1136640K
  class space    used 11732K, capacity 12197K, committed 13488K, reserved 1048576K
}

Deoptimization events (10 events):
Event: 34529.244 Thread 0x00000219754f6000 Uncommon trap: reason=unstable_if action=reinterpret pc=0x00000219687fa2e0 method=ui.views.V.l.paintComponent(Ljava/awt/Graphics;)V @ 16 c2
Event: 34529.268 Thread 0x00000219754f6000 Uncommon trap: reason=unstable_if action=reinterpret pc=0x0000021967fac7fc method=javax.swing.ViewportLayout.layoutContainer(Ljava/awt/Container;)V @ 295 c2
Event: 34534.916 Thread 0x00000219754f6000 Uncommon trap: reason=bimorphic_or_optimized_type_check action=maybe_recompile pc=0x00000219673ca17c method=java.awt.Component.processMouseEvent(Ljava/awt/event/MouseEvent;)V @ 74 c2
Event: 34535.397 Thread 0x00000219754f6000 Uncommon trap: reason=unstable_if action=reinterpret pc=0x0000021967306938 method=java.util.jar.Attributes.read(Ljava/util/jar/Manifest$FastInputStream;[B)V @ 17 c2
Event: 34590.583 Thread 0x00000219754f6000 Uncommon trap: reason=unstable_if action=reinterpret pc=0x000002196788c5dc method=com.jidesoft.grid.FilterableTableModel.tableDataChanged(Lcom/jidesoft/grid/CompoundTableModelEvent;)V @ 44 c2
Event: 34591.232 Thread 0x00000219754f6000 Uncommon trap: reason=unstable_if action=reinterpret pc=0x00000219681758dc method=javax.swing.plaf.basic.BasicTableUI$Handler.propertyChange(Ljava/beans/PropertyChangeEvent;)V @ 69 c2
Event: 34591.232 Thread 0x00000219754f6000 Uncommon trap: reason=class_check action=maybe_recompile pc=0x0000021968386c64 method=java.awt.LightweightDispatcher.retargetMouseEnterExit(Ljava/awt/Component;Ljava/awt/event/MouseEvent;Ljava/awt/Component;Z)Ljava/awt/Component; @ 73 c2
Event: 34591.566 Thread 0x00000219754f6000 Uncommon trap: reason=predicate action=maybe_recompile pc=0x0000021968772128 method=java.awt.datatransfer.MimeTypeParameterList.parse(Ljava/lang/String;)V @ 71 c2
Event: 34724.286 Thread 0x00000219754f6000 Uncommon trap: reason=class_check action=maybe_recompile pc=0x0000021968386c64 method=java.awt.LightweightDispatcher.retargetMouseEnterExit(Ljava/awt/Component;Ljava/awt/event/MouseEvent;Ljava/awt/Component;Z)Ljava/awt/Component; @ 73 c2
Event: 34726.067 Thread 0x00000219754f6000 Uncommon trap: reason=class_check action=maybe_recompile pc=0x0000021967a4c334 method=com.jidesoft.docking.DefaultDockingManager.handleEvent(Ljava/awt/AWTEvent;)Z @ 793 c2

Classes redefined (0 events):
No events

Internal exceptions (10 events):
Event: 33838.829 Thread 0x000002197bddb800 Exception <a 'java/lang/InterruptedException'{0x0000000710d8c4d8}: sleep interrupted> (0x0000000710d8c4d8) thrown at [t:/workspace/hotspot/src/share/vm/prims/jvm.cpp, line 2984]
Event: 34455.023 Thread 0x00000219754f6000 Exception <a 'java/io/FileNotFoundException'{0x000000070f20e438}> (0x000000070f20e438) thrown at [t:/workspace/hotspot/src/share/vm/prims/jni.cpp, line 604]
Event: 34455.541 Thread 0x00000219754f6000 Exception <a 'java/io/FileNotFoundException'{0x000000070e366820}> (0x000000070e366820) thrown at [t:/workspace/hotspot/src/share/vm/prims/jni.cpp, line 604]
Event: 34455.541 Thread 0x00000219754f6000 Exception <a 'java/io/FileNotFoundException'{0x000000070e3677a8}> (0x000000070e3677a8) thrown at [t:/workspace/hotspot/src/share/vm/prims/jni.cpp, line 604]
Event: 34482.400 Thread 0x000002197bddb000 Exception <a 'java/lang/InterruptedException'{0x000000070ea97210}: sleep interrupted> (0x000000070ea97210) thrown at [t:/workspace/hotspot/src/share/vm/prims/jvm.cpp, line 2984]
Event: 34482.408 Thread 0x000002197bddb000 Exception <a 'java/lang/InterruptedException'{0x000000070eaa6c30}: sleep interrupted> (0x000000070eaa6c30) thrown at [t:/workspace/hotspot/src/share/vm/prims/jvm.cpp, line 2984]
Event: 34483.674 Thread 0x000002197bdd7000 Exception <a 'ui/frmwork/CommandFailedException'{0x000000070e2199f0}> (0x000000070e2199f0) thrown at [t:/workspace/hotspot/src/share/vm/prims/jni.cpp, line 604]
Event: 34483.685 Thread 0x00000219754f6000 Implicit null exception at 0x0000021967ee2433 to 0x0000021967ee2d51
Event: 34497.472 Thread 0x000002197bddc800 Exception <a 'java/lang/InterruptedException'{0x0000000711380d08}: sleep interrupted> (0x0000000711380d08) thrown at [t:/workspace/hotspot/src/share/vm/prims/jvm.cpp, line 2984]
Event: 34528.579 Thread 0x000002197bdde000 Exception <a 'java/lang/InterruptedException'{0x000000071168eee8}: sleep interrupted> (0x000000071168eee8) thrown at [t:/workspace/hotspot/src/share/vm/prims/jvm.cpp, line 2984]

Events (10 events):
Event: 34726.535 Executing VM operation: G1IncCollectionPause done
Event: 34726.760 Thread 0x000002197bdd7000 Thread added: 0x000002197bdd7000
Event: 34726.770 Thread 0x000002197bdd7000 Thread exited: 0x000002197bdd7000
Event: 34727.207 Thread 0x000002197bdda000 Thread added: 0x000002197bdda000
Event: 34727.211 Executing VM operation: BulkRevokeBias
Event: 34727.215 Executing VM operation: BulkRevokeBias done
Event: 34727.217 Executing VM operation: BulkRevokeBias
Event: 34727.217 Executing VM operation: BulkRevokeBias done
Event: 34727.761 Thread 0x000002197bddb000 Thread added: 0x000002197bddb000
Event: 34727.766 Thread 0x000002197bddb000 Thread exited: 0x000002197bddb000


Dynamic libraries:
0x00007ff6faed0000 - 0x00007ff6faf00000 	C:\Xilinx\Vivado\2019.1\bin\unwrapped\win64.o\vivado.exe
0x00007ffdd6ab0000 - 0x00007ffdd6ca5000 	C:\WINDOWS\SYSTEM32\ntdll.dll
0x00007ffdd6880000 - 0x00007ffdd693d000 	C:\WINDOWS\System32\KERNEL32.DLL
0x00007ffdd4550000 - 0x00007ffdd4818000 	C:\WINDOWS\System32\KERNELBASE.dll
0x00007ffdd4960000 - 0x00007ffdd4a60000 	C:\WINDOWS\System32\ucrtbase.dll
0x00007ffdbdb40000 - 0x00007ffdbdbd9000 	C:\WINDOWS\SYSTEM32\MSVCP140.dll
0x00007ffdcd6e0000 - 0x00007ffdcd6f4000 	C:\Xilinx\Vivado\2019.1\lib\win64.o\libboost_signals.dll
0x00007ffd7a2b0000 - 0x00007ffd7b192000 	C:\Xilinx\Vivado\2019.1\lib\win64.o\librdi_common.dll
0x00007ffdcd680000 - 0x00007ffdcd694000 	C:\Xilinx\Vivado\2019.1\lib\win64.o\librdi_commonmain.dll
0x00007ffdbdbe0000 - 0x00007ffdbdbf7000 	C:\WINDOWS\SYSTEM32\VCRUNTIME140.dll
0x00007ffdd4df0000 - 0x00007ffdd4f90000 	C:\WINDOWS\System32\USER32.dll
0x00007ffdd4520000 - 0x00007ffdd4542000 	C:\WINDOWS\System32\win32u.dll
0x00007ffdd4b10000 - 0x00007ffdd4b3a000 	C:\WINDOWS\System32\GDI32.dll
0x00007ffdc39a0000 - 0x00007ffdc39c6000 	C:\Xilinx\Vivado\2019.1\lib\win64.o\libboost_filesystem.dll
0x00007ffdd4820000 - 0x00007ffdd492b000 	C:\WINDOWS\System32\gdi32full.dll
0x00007ffdd5040000 - 0x00007ffdd50ec000 	C:\WINDOWS\System32\ADVAPI32.dll
0x00007ffdd4430000 - 0x00007ffdd44cd000 	C:\WINDOWS\System32\msvcp_win.dll
0x00007ffdd4b40000 - 0x00007ffdd4bde000 	C:\WINDOWS\System32\msvcrt.dll
0x00007ffdd4f90000 - 0x00007ffdd502b000 	C:\WINDOWS\System32\sechost.dll
0x00007ffdcda00000 - 0x00007ffdcda0a000 	C:\Xilinx\Vivado\2019.1\lib\win64.o\librdi_commonversion.dll
0x00007ffda6000000 - 0x00007ffda6121000 	C:\Xilinx\Vivado\2019.1\lib\win64.o\librdi_commonxillic.dll
0x00007ffdd6130000 - 0x00007ffdd6872000 	C:\WINDOWS\System32\SHELL32.dll
0x00007ffdd6940000 - 0x00007ffdd6a6b000 	C:\WINDOWS\System32\RPCRT4.dll
0x00007ffd79f40000 - 0x00007ffd7a2ae000 	C:\Xilinx\Vivado\2019.1\lib\win64.o\libCOIN-all.dll
0x000000005bb10000 - 0x000000005bc3b000 	C:\Xilinx\Vivado\2019.1\lib\win64.o\tcl85t.dll
0x00007ffdcd0f0000 - 0x00007ffdcd104000 	C:\Xilinx\Vivado\2019.1\lib\win64.o\libboost_date_time.dll
0x00007ffdd5b30000 - 0x00007ffdd5b9b000 	C:\WINDOWS\System32\WS2_32.dll
0x00007ffdad2c0000 - 0x00007ffdad33f000 	C:\Xilinx\Vivado\2019.1\lib\win64.o\libboost_program_options.dll
0x00007ffd8b500000 - 0x00007ffd8b614000 	C:\Xilinx\Vivado\2019.1\lib\win64.o\libboost_regex.dll
0x00007ffdcd710000 - 0x00007ffdcd71b000 	C:\Xilinx\Vivado\2019.1\lib\win64.o\libboost_system.dll
0x00007ffdc38c0000 - 0x00007ffdc38e1000 	C:\Xilinx\Vivado\2019.1\lib\win64.o\libboost_thread.dll
0x00007ffdcd560000 - 0x00007ffdcd56f000 	C:\Xilinx\Vivado\2019.1\lib\win64.o\libboost_xilinx.dll
0x00007ffda2990000 - 0x00007ffda2a12000 	C:\Xilinx\Vivado\2019.1\lib\win64.o\libhdlpsolve.dll
0x00007ffda1360000 - 0x00007ffda1405000 	C:\Xilinx\Vivado\2019.1\lib\win64.o\libhdxml.dll
0x00007ffd77560000 - 0x00007ffd7810f400 	C:\Xilinx\Vivado\2019.1\lib\win64.o\libisl_iostreams.dll
0x00007ffdc3760000 - 0x00007ffdc378e000 	C:\Xilinx\Vivado\2019.1\lib\win64.o\libisl_sysinfo.dll
0x00007ffdc4000000 - 0x00007ffdc401a000 	C:\Xilinx\Vivado\2019.1\lib\win64.o\pthreadVC2.dll
0x00007ffdc2ed0000 - 0x00007ffdc2f35000 	C:\Xilinx\Vivado\2019.1\lib\win64.o\liblmx6.0.dll
0x00007ffdc3440000 - 0x00007ffdc3461000 	C:\Xilinx\Vivado\2019.1\lib\win64.o\librdizlib.dll
0x00007ffdc3740000 - 0x00007ffdc375c000 	C:\Xilinx\Vivado\2019.1\lib\win64.o\librdiconfig.dll
0x0000000012000000 - 0x0000000012270000 	C:\Xilinx\Vivado\2019.1\lib\win64.o\xerces-c_3_1.dll
0x00007ffdbba20000 - 0x00007ffdbba38000 	C:\WINDOWS\SYSTEM32\NETAPI32.dll
0x00007ffdceea0000 - 0x00007ffdcefab000 	C:\WINDOWS\SYSTEM32\WINHTTP.dll
0x00007ffdb67f0000 - 0x00007ffdb6ccd000 	C:\WINDOWS\SYSTEM32\WININET.dll
0x00007ffdb6f50000 - 0x00007ffdb713e000 	C:\WINDOWS\SYSTEM32\urlmon.dll
0x00007ffd86190000 - 0x00007ffd86468000 	C:\Xilinx\Vivado\2019.1\lib\win64.o\libXil_lmgr11.dll
0x00007ffdd5120000 - 0x00007ffdd51fa000 	C:\WINDOWS\System32\COMDLG32.dll
0x00007ffdbce70000 - 0x00007ffdbce79000 	C:\WINDOWS\SYSTEM32\WSOCK32.dll
0x00007ffdc2e60000 - 0x00007ffdc2e88000 	C:\WINDOWS\SYSTEM32\VCOMP140.DLL
0x00007ffdd52f0000 - 0x00007ffdd5645000 	C:\WINDOWS\System32\combase.dll
0x00007ffd6cc70000 - 0x00007ffd6db01000 	C:\Xilinx\Vivado\2019.1\lib\win64.o\gurobi65.dll
0x00007ffdd58b0000 - 0x00007ffdd595e000 	C:\WINDOWS\System32\shcore.dll
0x00007ffdd5c60000 - 0x00007ffdd5cb5000 	C:\WINDOWS\System32\SHLWAPI.dll
0x00007ffdd4d20000 - 0x00007ffdd4ded000 	C:\WINDOWS\System32\OLEAUT32.dll
0x00007ffdd4be0000 - 0x00007ffdd4d0a000 	C:\WINDOWS\System32\ole32.dll
0x00007ffdcd480000 - 0x00007ffdcd48d000 	C:\Xilinx\Vivado\2019.1\lib\win64.o\libboost_chrono.dll
0x00007ffdd41f0000 - 0x00007ffdd4250000 	C:\WINDOWS\System32\WINTRUST.dll
0x00007ffdc2030000 - 0x00007ffdc2055000 	C:\Xilinx\Vivado\2019.1\lib\win64.o\libisl_iosutils.dll
0x00007ffdd42d0000 - 0x00007ffdd442f000 	C:\WINDOWS\System32\CRYPT32.dll
0x00007ffdc2010000 - 0x00007ffdc202b000 	C:\Xilinx\Vivado\2019.1\lib\win64.o\libboost_iostreams.dll
0x00007ffdc22c0000 - 0x00007ffdc2570000 	C:\WINDOWS\SYSTEM32\iertutil.dll
0x00007ffdbd220000 - 0x00007ffdbd2d0000 	C:\WINDOWS\WinSxS\amd64_microsoft.windows.common-controls_6595b64144ccf1df_5.82.19041.844_none_423537bff6b9828c\COMCTL32.dll
0x00007ffdcd040000 - 0x00007ffdcd05d000 	C:\WINDOWS\SYSTEM32\dhcpcsvc.DLL
0x00007ffdd36b0000 - 0x00007ffdd36bc000 	C:\WINDOWS\SYSTEM32\NETUTILS.DLL
0x00007ffdd5b00000 - 0x00007ffdd5b30000 	C:\WINDOWS\System32\IMM32.DLL
0x00007ffdd3de0000 - 0x00007ffdd3df2000 	C:\WINDOWS\SYSTEM32\MSASN1.dll
0x00007ffdd20e0000 - 0x00007ffdd20f2000 	C:\WINDOWS\SYSTEM32\kernel.appcore.dll
0x00007ffd79a20000 - 0x00007ffd79f37000 	C:\Xilinx\Vivado\2019.1\lib\win64.o\librdi_commontasks.dll
0x00007ffdcc710000 - 0x00007ffdcc71a000 	C:\WINDOWS\SYSTEM32\VERSION.dll
0x000000005b0e0000 - 0x000000005bb05000 	C:\Xilinx\Vivado\2019.1\tps\win64\jre9.0.4\bin\server\jvm.dll
0x00007ffd79460000 - 0x00007ffd796e6000 	C:\Xilinx\Vivado\2019.1\lib\win64.o\librdi_sio.dll
0x00007ffdd4d10000 - 0x00007ffdd4d18000 	C:\WINDOWS\System32\PSAPI.DLL
0x00007ffdcafc0000 - 0x00007ffdcafe7000 	C:\WINDOWS\SYSTEM32\WINMM.dll
0x00007ffdd3670000 - 0x00007ffdd36ab000 	C:\WINDOWS\SYSTEM32\IPHLPAPI.DLL
0x00007ffd943b0000 - 0x00007ffd9449f000 	C:\WINDOWS\SYSTEM32\MSVCR120.dll
0x00007ffdd39d0000 - 0x00007ffdd3a3a000 	C:\WINDOWS\SYSTEM32\MSWSOCK.DLL
0x00007ffdd2300000 - 0x00007ffdd2a90000 	C:\WINDOWS\SYSTEM32\windows.storage.dll
0x00007ffdd3c60000 - 0x00007ffdd3c8c000 	C:\WINDOWS\SYSTEM32\Wldp.dll
0x00007ffd6a7b0000 - 0x00007ffd6cc6c000 	C:\Xilinx\Vivado\2019.1\lib\win64.o\librdi_tcltasks.dll
0x00007ffd784e0000 - 0x00007ffd788e8000 	C:\Xilinx\Vivado\2019.1\lib\win64.o\librdi_bitstream.dll
0x00007ffd9d910000 - 0x00007ffd9d988000 	C:\Xilinx\Vivado\2019.1\lib\win64.o\librdi_boarddep.dll
0x00007ffd792c0000 - 0x00007ffd79451000 	C:\Xilinx\Vivado\2019.1\lib\win64.o\librdi_board.dll
0x00007ffd89ff0000 - 0x00007ffd8a0db000 	C:\Xilinx\Vivado\2019.1\lib\win64.o\librdi_chipscope.dll
0x00007ffd78e50000 - 0x00007ffd7900d000 	C:\Xilinx\Vivado\2019.1\lib\win64.o\librdi_chipscopeimpl.dll
0x00007ffd84760000 - 0x00007ffd848b6000 	C:\Xilinx\Vivado\2019.1\lib\win64.o\librdi_containers.dll
0x00007ffd65380000 - 0x00007ffd67231000 	C:\Xilinx\Vivado\2019.1\lib\win64.o\librdi_coregen.dll
0x00007ffd73dc0000 - 0x00007ffd7449a000 	C:\Xilinx\Vivado\2019.1\lib\win64.o\librdi_coregenipxact.dll
0x00007ffd59a40000 - 0x00007ffd5b42a000 	C:\Xilinx\Vivado\2019.1\lib\win64.o\librdi_constraints.dll
0x00007ffd497e0000 - 0x00007ffd4d823000 	C:\Xilinx\Vivado\2019.1\lib\win64.o\librdi_designutils.dll
0x00007ffd78a00000 - 0x00007ffd78d1e000 	C:\Xilinx\Vivado\2019.1\lib\win64.o\librdi_dlyest.dll
0x00007ffd76fc0000 - 0x00007ffd7755a000 	C:\Xilinx\Vivado\2019.1\lib\win64.o\librdi_drc.dll
0x00007ffd8d500000 - 0x00007ffd8d5c4000 	C:\Xilinx\Vivado\2019.1\lib\win64.o\librdi_dsp.dll
0x00007ffd724d0000 - 0x00007ffd72b1d000 	C:\Xilinx\Vivado\2019.1\lib\win64.o\librdi_filemgmt.dll
0x00007ffd721e0000 - 0x00007ffd724c3000 	C:\Xilinx\Vivado\2019.1\lib\win64.o\librdi_guitools.dll
0x00007ffdbc110000 - 0x00007ffdbc175000 	C:\Xilinx\Vivado\2019.1\lib\win64.o\librdi_hdf.dll
0x00007ffd71590000 - 0x00007ffd71ba5000 	C:\Xilinx\Vivado\2019.1\lib\win64.o\librdi_memdata.dll
0x00007ffd35df0000 - 0x00007ffd373b0000 	C:\Xilinx\Vivado\2019.1\lib\win64.o\librdi_implflow.dll
0x00007ffd9d3b0000 - 0x00007ffd9d423000 	C:\Xilinx\Vivado\2019.1\lib\win64.o\librdi_memoryarray.dll
0x00007ffd373b0000 - 0x00007ffd497dc000 	C:\Xilinx\Vivado\2019.1\lib\win64.o\librdi_device.dll
0x00007ffd70ee0000 - 0x00007ffd71582000 	C:\Xilinx\Vivado\2019.1\lib\win64.o\librdi_netlist.dll
0x00007ffdb7c20000 - 0x00007ffdb7c6b000 	C:\Xilinx\Vivado\2019.1\lib\win64.o\librdi_pfi.dll
0x00007ffd70830000 - 0x00007ffd70b3f000 	C:\Xilinx\Vivado\2019.1\lib\win64.o\librdi_platform.dll
0x00007ffd6e0a0000 - 0x00007ffd6e7ea000 	C:\Xilinx\Vivado\2019.1\lib\win64.o\librdi_power.dll
0x00007ffd6edc0000 - 0x00007ffd6f33f000 	C:\Xilinx\Vivado\2019.1\lib\win64.o\librdi_project.dll
0x00007ffd68bd0000 - 0x00007ffd692d9000 	C:\Xilinx\Vivado\2019.1\lib\win64.o\librdi_psta.dll
0x00007ffd30a80000 - 0x00007ffd330f6000 	C:\Xilinx\Vivado\2019.1\lib\win64.o\librdi_place.dll
0x00007ffd64c70000 - 0x00007ffd65376000 	C:\Xilinx\Vivado\2019.1\lib\win64.o\librdi_rsb.dll
0x00007ffd33100000 - 0x00007ffd35de6000 	C:\Xilinx\Vivado\2019.1\lib\win64.o\librdi_mig.dll
0x00007ffd89890000 - 0x00007ffd8998a000 	C:\Xilinx\Vivado\2019.1\lib\win64.o\librdi_runsbase.dll
0x00007ffd6a3b0000 - 0x00007ffd6a7a1000 	C:\Xilinx\Vivado\2019.1\lib\win64.o\librdi_runs.dll
0x00007ffd74a10000 - 0x00007ffd74c66000 	C:\Xilinx\Vivado\2019.1\lib\win64.o\librdi_simdata.dll
0x00007ffd2fc60000 - 0x00007ffd30a71000 	C:\Xilinx\Vivado\2019.1\lib\win64.o\librdi_timing.dll
0x00007ffd78360000 - 0x00007ffd784d2000 	C:\Xilinx\Vivado\2019.1\lib\win64.o\librdi_advchipscopeimpl.dll
0x00007ffd76a40000 - 0x00007ffd76bdf000 	C:\Xilinx\Vivado\2019.1\lib\win64.o\librdi_hip_devdesign.dll
0x00007ffda9550000 - 0x00007ffda9593000 	C:\Xilinx\Vivado\2019.1\lib\win64.o\librdi_noc_frameworks.dll
0x00007ffd622c0000 - 0x00007ffd62e07000 	C:\Xilinx\Vivado\2019.1\lib\win64.o\libverific.dll
0x00007ffda7960000 - 0x00007ffda79ac000 	C:\Xilinx\Vivado\2019.1\lib\win64.o\libboost_serialization.dll
0x00007ffd8bb30000 - 0x00007ffd8bbf2000 	C:\Xilinx\Vivado\2019.1\lib\win64.o\librdi_ipconfig_readwrite.dll
0x00007ffd64880000 - 0x00007ffd64c65000 	C:\Xilinx\Vivado\2019.1\lib\win64.o\librdi_hip_config.dll
0x00007ffd63bd0000 - 0x00007ffd6411e000 	C:\Xilinx\Vivado\2019.1\lib\win64.o\librdi_xdm.dll
0x00007ffd93980000 - 0x00007ffd93a1e000 	C:\Xilinx\Vivado\2019.1\lib\win64.o\libise.dll
0x00007ffdbbd50000 - 0x00007ffdbbd90000 	C:\Xilinx\Vivado\2019.1\lib\win64.o\librdi_wavedata_SimpleApi.dll
0x00007ffd5ceb0000 - 0x00007ffd5d4ac000 	C:\Xilinx\Vivado\2019.1\lib\win64.o\librdi_wavedata.dll
0x00007ffd2ead0000 - 0x00007ffd2fc5d000 	C:\Xilinx\Vivado\2019.1\lib\win64.o\librdi_route.dll
0x00007ffdad280000 - 0x00007ffdad2bf000 	C:\Xilinx\Vivado\2019.1\lib\win64.o\librdi_schedmon.dll
0x00007ffd2cb00000 - 0x00007ffd2eacd000 	C:\Xilinx\Vivado\2019.1\lib\win64.o\librdi_synth.dll
0x00007ffd940e0000 - 0x00007ffd94168000 	C:\Xilinx\Vivado\2019.1\lib\win64.o\librdi_meir_core.dll
0x00007ffd705d0000 - 0x00007ffd70829000 	C:\Xilinx\Vivado\2019.1\lib\win64.o\librdi_hsm.dll

VM Arguments:
jvm_args: -Dsun.java2d.pmoffscreen=false -Dsun.java2d.xrender=false -Dsun.java2d.d3d=false -Dsun.awt.nopixfmt=true -Dsun.java2d.dpiaware=true -Dsun.java2d.uiScale.enabled=false -Xverify:none -Dswing.aatext=true -XX:-UsePerfData -Djdk.map.althashing.threshold=512 -XX:StringTableSize=4072 --add-opens=java.base/java.nio=ALL-UNNAMED --add-opens=java.desktop/sun.swing=ALL-UNNAMED --add-opens=java.desktop/javax.swing=ALL-UNNAMED --add-opens=java.desktop/javax.swing.tree=ALL-UNNAMED --add-opens=java.desktop/javax.swing.plaf.basic=ALL-UNNAMED --add-opens=java.desktop/javax.swing.plaf.synth=ALL-UNNAMED --add-opens=java.desktop/com.sun.awt=ALL-UNNAMED -XX:NewSize=60m -XX:MaxNewSize=60m -Xms128m -Xmx3072m -Xss5m 
java_command: <unknown>
java_class_path (initial): C:/Xilinx/Vivado/2019.1\lib\classes\alloy.jar;C:/Xilinx/Vivado/2019.1\lib\classes\autopilot.scelaborator.jar;C:/Xilinx/Vivado/2019.1\lib\classes\autopilot.sourceprocessor.jar;C:/Xilinx/Vivado/2019.1\lib\classes\autopilot.tbprocessor.jar;C:/Xilinx/Vivado/2019.1\lib\classes\batik-anim.jar;C:/Xilinx/Vivado/2019.1\lib\classes\batik-awt-util.jar;C:/Xilinx/Vivado/2019.1\lib\classes\batik-bridge.jar;C:/Xilinx/Vivado/2019.1\lib\classes\batik-codec.jar;C:/Xilinx/Vivado/2019.1\lib\classes\batik-css.jar;C:/Xilinx/Vivado/2019.1\lib\classes\batik-dom.jar;C:/Xilinx/Vivado/2019.1\lib\classes\batik-ext.jar;C:/Xilinx/Vivado/2019.1\lib\classes\batik-gui-util.jar;C:/Xilinx/Vivado/2019.1\lib\classes\batik-gvt.jar;C:/Xilinx/Vivado/2019.1\lib\classes\batik-parser.jar;C:/Xilinx/Vivado/2019.1\lib\classes\batik-script.jar;C:/Xilinx/Vivado/2019.1\lib\classes\batik-svg-dom.jar;C:/Xilinx/Vivado/2019.1\lib\classes\batik-swing.jar;C:/Xilinx/Vivado/2019.1\lib\classes\batik-transcoder.jar;C:/Xilinx/Vivado/2019.1\lib\classes\batik-util.jar;C:/Xilinx/Vivado/2019.1\lib\classes\batik-xml.jar;C:/Xilinx/Vivado/2019.1\lib\classes\com.google.gson_2.7.0.v20170129-0911.jar;C:/Xilinx/Vivado/2019.1\lib\classes\com.google.guava_21.0.0.v20170206-1425.jar;C:/Xilinx/Vivado/2019.1\lib\classes\com.google.inject_3.0.0.v201605172100.jar;C:/Xilinx/Vivado/2019.1\lib\classes\com.ibm.icu_4.4.2.v20110208.jar;C:/Xilinx/Vivado/2019.1\lib\classes\com.sigasi.hdt.annotations.runtime_4.3.0.201903071210.jar;C:/Xilinx/Vivado/2019.1\lib\classes\com.sigasi.hdt.blockdiagram.model_4.3.0.201903071210.jar;C:/Xilinx/Vivado/2019.1\lib\classes\com.sigasi.hdt.connection_4.3.0.201903071210.jar;C:/Xilinx/Vivado/2019.1\lib\classes\com.sigasi.hdt.dependencies.model_4.3.0.201903071210.jar;C:/Xilinx/Vivado/2019.1\lib\classes\com.sigasi.hdt.epl_4.3.0.201903071210.jar;C:/Xilinx/Vivado/2019.1\lib\classes\com.sigasi.hdt.graphics.model_4.3.0.201903071210.jar;C:/Xilinx/Vivado/2019.1\lib\classes\com.sigasi.hdt.project_4.3.0
Launcher Type: generic

Logging:
Log output configuration:
#0: stdout all=warning uptime,level,tags
#1: stderr all=off uptime,level,tags

Environment Variables:
PATH=C:/Xilinx/Vivado/2019.1/bin;C:/Xilinx/Vivado/2019.1/lib/win64.o;C:/Xilinx/Vivado/2019.1/tps/win64/jre9.0.4/bin/server;C:/Xilinx/Vivado/2019.1/tps/win64/jre9.0.4/bin;C:/Xilinx/Vivado/2019.1/ids_lite/ISE/bin/nt64;C:/Xilinx/Vivado/2019.1/ids_lite/ISE/lib/nt64;C:\Program Files (x86)\Common Files\Oracle\Java\javapath;C:\Program Files (x86)\VMware\VMware Player\bin\;C:\Windows\system32;C:\Windows;C:\Windows\System32\Wbem;C:\Windows\System32\WindowsPowerShell\v1.0\;C:\Windows\System32\OpenSSH\;C:\Program Files (x86)\Intel\Intel(R) Management Engine Components\DAL;C:\Program Files\Intel\Intel(R) Management Engine Components\DAL;C:\Program Files\Intel\WiFi\bin\;C:\Program Files\Common Files\Intel\WirelessCommon\;C:\Program Files (x86)\NVIDIA Corporation\PhysX\Common;C:\Program Files\NVIDIA Corporation\NVIDIA NvDLISR;C:\Program Files\MATLAB\R2019b\runtime\win64;C:\Program Files\MATLAB\R2019b\bin;C:\Users\86139\AppData\Local\Microsoft\WindowsApps;C:\Program Files\Bandizip\;;C:/Xilinx/Vivado/2019.1\tps\mingw\6.2.0\win64.o\nt\bin;C:/Xilinx/Vivado/2019.1\tps\mingw\6.2.0\win64.o\nt\libexec\gcc\x86_64-w64-mingw32\6.2.0;C:/Xilinx/Vivado/2019.1\tps\win64\python-2.7.5;C:/Xilinx/Vivado/2019.1\tps\win64\python-2.7.5\lib;C:/Xilinx/Vivado/2019.1\tps\win64\python-2.7.5\Lib\lib-tk;C:/Xilinx/Vivado/2019.1\tps\win64\python-2.7.5\lib\site-packages
USERNAME=86139
OS=Windows_NT
PROCESSOR_IDENTIFIER=Intel64 Family 6 Model 142 Stepping 12, GenuineIntel



---------------  S Y S T E M  ---------------

OS: Windows 10 , 64 bit Build 19041 (10.0.19041.928)

CPU:total 8 (initial active 8) (4 cores per cpu, 2 threads per core) family 6 model 142 stepping 12, cmov, cx8, fxsr, mmx, sse, sse2, sse3, ssse3, sse4.1, sse4.2, popcnt, avx, avx2, aes, clmul, erms, 3dnowpref, lzcnt, ht, tsc, tscinvbit, bmi1, bmi2, adx, fma

Memory: 4k page, physical 8191128k(2348776k free), swap 13434008k(2998360k free)

vm_info: Java HotSpot(TM) 64-Bit Server VM (9.0.4+11) for windows-amd64 JRE (9.0.4+11), built on Dec 20 2017 02:18:54 by "mach5one" with MS VC++ 12.0 (VS2013)

END.
