#-----------------------------------------------------------
# Vivado v2019.1 (64-bit)
# SW Build 2552052 on Fri May 24 14:49:42 MDT 2019
# IP Build 2548770 on Fri May 24 18:01:18 MDT 2019
# Start of session at: Tue Jun 28 13:51:33 2022
# Process ID: 26856
# Current directory: C:/Users/86139/project_1
# Command line: vivado.exe -gui_launcher_event rodinguilauncherevent31132 C:\Users\86139\project_1\project_1.xpr
# Log file: C:/Users/86139/project_1/vivado.log
# Journal file: C:/Users/86139/project_1\vivado.jou
#-----------------------------------------------------------
start_gui
open_project C:/Users/86139/project_1/project_1.xpr
CRITICAL WARNING: [Project 1-19] Could not find the file 'C:/Users/86139/Desktop/inst∑¬’Ê.coe'.
CRITICAL WARNING: [Project 1-19] Could not find the file 'C:/Users/86139/Desktop/data.coe'.
CRITICAL WARNING: [Project 1-19] Could not find the file 'C:/Users/86139/Desktop/instœ¬‘ÿ.coe'.
CRITICAL WARNING: [Project 1-19] Could not find the file 'C:/Users/86139/Desktop/hazard_test.coe'.
CRITICAL WARNING: [Project 1-19] Could not find the file 'C:/Users/86139/Desktop/hazard.coe'.
CRITICAL WARNING: [Project 1-19] Could not find the file 'C:/Users/86139/Desktop/hazard_data.coe'.
CRITICAL WARNING: [Project 1-19] Could not find the file 'C:/Users/86139/Desktop/lab6_0.coe'.
Scanning sources...
Finished scanning sources
INFO: [IP_Flow 19-234] Refreshing IP repositories
INFO: [IP_Flow 19-1704] No user IP repositories specified
INFO: [IP_Flow 19-2313] Loaded Vivado IP repository 'C:/Xilinx/Vivado/2019.1/data/ip'.
open_project: Time (s): cpu = 00:00:22 ; elapsed = 00:00:11 . Memory (MB): peak = 719.426 ; gain = 125.367
update_compile_order -fileset sources_1
exit
INFO: [Common 17-206] Exiting Vivado at Tue Jun 28 13:52:58 2022...
